2021-04-09 00:19:14,111 [http-nio-8080-exec-12] - DEBUG - org.hibernate.SQL - drop table Account if exists
2021-04-09 00:19:14,120 [http-nio-8080-exec-12] - DEBUG - org.hibernate.SQL - drop table customer if exists
2021-04-09 00:19:14,122 [http-nio-8080-exec-12] - DEBUG - org.hibernate.SQL - drop table recipient if exists
2021-04-09 00:19:14,128 [http-nio-8080-exec-12] - DEBUG - org.hibernate.SQL - create table Account (account_type varchar(31) not null, id integer generated by default as identity, creationTime timestamp, updateTime timestamp, version integer, balance double not null, customer_id integer, primary key (id))
2021-04-09 00:19:14,132 [http-nio-8080-exec-12] - DEBUG - org.hibernate.SQL - create table customer (id integer generated by default as identity, creationTime timestamp, updateTime timestamp, version integer, email varchar(255), firstName varchar(255), lastName varchar(255), phone varchar(255), primary key (id))
2021-04-09 00:19:14,134 [http-nio-8080-exec-12] - DEBUG - org.hibernate.SQL - create table recipient (id integer generated by default as identity, creationTime timestamp, updateTime timestamp, version integer, accountNumber integer, description varchar(255), email varchar(255), name varchar(255), phone varchar(255), customer_id integer, primary key (id))
2021-04-09 00:19:14,135 [http-nio-8080-exec-12] - DEBUG - org.hibernate.SQL - alter table Account add constraint FKl1mqmmcat98l8vchclwo3d88d foreign key (customer_id) references customer
2021-04-09 00:19:14,142 [http-nio-8080-exec-12] - DEBUG - org.hibernate.SQL - alter table recipient add constraint FK2np9kpxolatlnh2itdq8y8dur foreign key (customer_id) references customer
2021-04-09 00:19:14,171 [http-nio-8080-exec-12] - DEBUG - org.hibernate.SQL - DELETE FROM customer
2021-04-09 00:19:14,172 [http-nio-8080-exec-12] - DEBUG - org.hibernate.SQL - INSERT INTO customer(ID, CREATIONTIME, UPDATETIME, VERSION, FIRSTNAME, LASTNAME, EMAIL, PHONE) VALUES
  (1, TIMESTAMP '2017-10-10 08:45:56.468', TIMESTAMP '2017-10-10 08:45:56.468', 0, 'Rui', 'Ferrão', 'mail@gmail.com', '777888'),
  (2, TIMESTAMP '2017-10-10 08:45:56.481', TIMESTAMP '2017-10-10 08:45:56.481', 0, 'Sergio', 'Gouveia', 'mail@gmail.com', '777888'),
  (3, TIMESTAMP '2017-10-10 08:45:56.482', TIMESTAMP '2017-10-10 08:45:56.482', 0, 'Bruno', 'Ferreira', 'mail@gmail.com', '777888'),
  (4, TIMESTAMP '2017-10-10 08:45:56.482', TIMESTAMP '2017-10-10 08:45:56.482', 0, 'No Accounts', 'No name', 'mail@gmail.com', '777888')
2021-04-09 00:19:14,176 [http-nio-8080-exec-12] - DEBUG - org.hibernate.SQL - DELETE FROM account
2021-04-09 00:19:14,176 [http-nio-8080-exec-12] - DEBUG - org.hibernate.SQL - INSERT INTO account(ACCOUNT_TYPE, ID, CREATIONTIME, UPDATETIME, VERSION, BALANCE, CUSTOMER_ID) VALUES
  ('CheckingAccount', 1, TIMESTAMP '2017-10-10 10:18:53.819', TIMESTAMP '2017-10-10 10:22:58.578', 2, 100.0, 1),
  ('SavingsAccount', 2, TIMESTAMP '2017-10-10 10:23:02.194', TIMESTAMP '2017-10-10 10:23:19.801', 1, 50.5, 1),
  ('CheckingAccount', 3, TIMESTAMP '2017-10-10 14:30:37.769', TIMESTAMP '2017-10-10 14:30:43.042', 1, 10.0, 2),
  ('SavingsAccount', 4, TIMESTAMP '2017-10-10 14:30:38.426', TIMESTAMP '2017-10-10 14:30:46.471', 1, 150.0, 2),
  ('CheckingAccount', 5, TIMESTAMP '2017-10-10 14:30:37.769', TIMESTAMP '2017-10-10 14:30:43.042', 1, 20.5, 3),
  ('SavingsAccount', 6, TIMESTAMP '2017-10-10 14:30:38.426', TIMESTAMP '2017-10-10 14:30:46.471', 1, 30.5, 3),
  ('CheckingAccount', 7, TIMESTAMP '2017-10-10 14:30:37.769', TIMESTAMP '2017-10-10 14:30:43.042', 1, 20.5, NULL )
2021-04-09 00:19:14,180 [http-nio-8080-exec-12] - DEBUG - org.hibernate.SQL - DELETE FROM recipient
2021-04-09 00:19:14,180 [http-nio-8080-exec-12] - DEBUG - org.hibernate.SQL - INSERT INTO recipient(ID, CREATIONTIME, UPDATETIME, VERSION, ACCOUNTNUMBER, NAME, EMAIL, DESCRIPTION, PHONE, CUSTOMER_ID) VALUES
  (1, TIMESTAMP '2017-10-10 08:45:56.468', TIMESTAMP '2017-10-10 08:45:56.468', 1, 3, 'Sergio Gouveia', 'sergio@gmail.com', 'My colleague Sergio from A/C', '777888', 1),
  (2, TIMESTAMP '2017-10-10 08:45:56.468', TIMESTAMP '2017-10-10 08:45:56.468', 1, 5, 'Bruno Ferreira', 'bruno@gmail.com', 'My colelague Bruno from A/C', '777888', 1)
2021-04-09 00:19:15,323 [http-nio-8080-exec-15] - DEBUG - org.hibernate.SQL - select customer0_.id as id1_1_, customer0_.creationTime as creation2_1_, customer0_.updateTime as updateTi3_1_, customer0_.version as version4_1_, customer0_.email as email5_1_, customer0_.firstName as firstNam6_1_, customer0_.lastName as lastName7_1_, customer0_.phone as phone8_1_ from customer customer0_
2021-04-09 00:19:15,356 [http-nio-8080-exec-15] - DEBUG - org.hibernate.SQL - select accounts0_.customer_id as customer7_0_0_, accounts0_.id as id2_0_0_, accounts0_.id as id2_0_1_, accounts0_.creationTime as creation3_0_1_, accounts0_.updateTime as updateTi4_0_1_, accounts0_.version as version5_0_1_, accounts0_.balance as balance6_0_1_, accounts0_.customer_id as customer7_0_1_, accounts0_.account_type as account_1_0_1_ from Account accounts0_ where accounts0_.customer_id=?
2021-04-09 00:19:15,361 [http-nio-8080-exec-15] - DEBUG - org.hibernate.SQL - select accounts0_.customer_id as customer7_0_0_, accounts0_.id as id2_0_0_, accounts0_.id as id2_0_1_, accounts0_.creationTime as creation3_0_1_, accounts0_.updateTime as updateTi4_0_1_, accounts0_.version as version5_0_1_, accounts0_.balance as balance6_0_1_, accounts0_.customer_id as customer7_0_1_, accounts0_.account_type as account_1_0_1_ from Account accounts0_ where accounts0_.customer_id=?
2021-04-09 00:19:15,365 [http-nio-8080-exec-15] - DEBUG - org.hibernate.SQL - select accounts0_.customer_id as customer7_0_0_, accounts0_.id as id2_0_0_, accounts0_.id as id2_0_1_, accounts0_.creationTime as creation3_0_1_, accounts0_.updateTime as updateTi4_0_1_, accounts0_.version as version5_0_1_, accounts0_.balance as balance6_0_1_, accounts0_.customer_id as customer7_0_1_, accounts0_.account_type as account_1_0_1_ from Account accounts0_ where accounts0_.customer_id=?
2021-04-09 00:19:15,366 [http-nio-8080-exec-15] - DEBUG - org.hibernate.SQL - select accounts0_.customer_id as customer7_0_0_, accounts0_.id as id2_0_0_, accounts0_.id as id2_0_1_, accounts0_.creationTime as creation3_0_1_, accounts0_.updateTime as updateTi4_0_1_, accounts0_.version as version5_0_1_, accounts0_.balance as balance6_0_1_, accounts0_.customer_id as customer7_0_1_, accounts0_.account_type as account_1_0_1_ from Account accounts0_ where accounts0_.customer_id=?
2021-04-09 00:20:26,677 [http-nio-8080-exec-12] - DEBUG - org.hibernate.SQL - select customer0_.id as id1_1_, customer0_.creationTime as creation2_1_, customer0_.updateTime as updateTi3_1_, customer0_.version as version4_1_, customer0_.email as email5_1_, customer0_.firstName as firstNam6_1_, customer0_.lastName as lastName7_1_, customer0_.phone as phone8_1_ from customer customer0_
2021-04-09 00:20:26,687 [http-nio-8080-exec-12] - DEBUG - org.hibernate.SQL - select accounts0_.customer_id as customer7_0_0_, accounts0_.id as id2_0_0_, accounts0_.id as id2_0_1_, accounts0_.creationTime as creation3_0_1_, accounts0_.updateTime as updateTi4_0_1_, accounts0_.version as version5_0_1_, accounts0_.balance as balance6_0_1_, accounts0_.customer_id as customer7_0_1_, accounts0_.account_type as account_1_0_1_ from Account accounts0_ where accounts0_.customer_id=?
2021-04-09 00:20:26,688 [http-nio-8080-exec-12] - DEBUG - org.hibernate.SQL - select accounts0_.customer_id as customer7_0_0_, accounts0_.id as id2_0_0_, accounts0_.id as id2_0_1_, accounts0_.creationTime as creation3_0_1_, accounts0_.updateTime as updateTi4_0_1_, accounts0_.version as version5_0_1_, accounts0_.balance as balance6_0_1_, accounts0_.customer_id as customer7_0_1_, accounts0_.account_type as account_1_0_1_ from Account accounts0_ where accounts0_.customer_id=?
2021-04-09 00:20:26,689 [http-nio-8080-exec-12] - DEBUG - org.hibernate.SQL - select accounts0_.customer_id as customer7_0_0_, accounts0_.id as id2_0_0_, accounts0_.id as id2_0_1_, accounts0_.creationTime as creation3_0_1_, accounts0_.updateTime as updateTi4_0_1_, accounts0_.version as version5_0_1_, accounts0_.balance as balance6_0_1_, accounts0_.customer_id as customer7_0_1_, accounts0_.account_type as account_1_0_1_ from Account accounts0_ where accounts0_.customer_id=?
2021-04-09 00:20:26,691 [http-nio-8080-exec-12] - DEBUG - org.hibernate.SQL - select accounts0_.customer_id as customer7_0_0_, accounts0_.id as id2_0_0_, accounts0_.id as id2_0_1_, accounts0_.creationTime as creation3_0_1_, accounts0_.updateTime as updateTi4_0_1_, accounts0_.version as version5_0_1_, accounts0_.balance as balance6_0_1_, accounts0_.customer_id as customer7_0_1_, accounts0_.account_type as account_1_0_1_ from Account accounts0_ where accounts0_.customer_id=?
2021-04-09 00:20:30,079 [http-nio-8080-exec-17] - DEBUG - org.hibernate.SQL - select customer0_.id as id1_1_, customer0_.creationTime as creation2_1_, customer0_.updateTime as updateTi3_1_, customer0_.version as version4_1_, customer0_.email as email5_1_, customer0_.firstName as firstNam6_1_, customer0_.lastName as lastName7_1_, customer0_.phone as phone8_1_ from customer customer0_
2021-04-09 00:20:30,093 [http-nio-8080-exec-17] - DEBUG - org.hibernate.SQL - select accounts0_.customer_id as customer7_0_0_, accounts0_.id as id2_0_0_, accounts0_.id as id2_0_1_, accounts0_.creationTime as creation3_0_1_, accounts0_.updateTime as updateTi4_0_1_, accounts0_.version as version5_0_1_, accounts0_.balance as balance6_0_1_, accounts0_.customer_id as customer7_0_1_, accounts0_.account_type as account_1_0_1_ from Account accounts0_ where accounts0_.customer_id=?
2021-04-09 00:20:30,094 [http-nio-8080-exec-17] - DEBUG - org.hibernate.SQL - select accounts0_.customer_id as customer7_0_0_, accounts0_.id as id2_0_0_, accounts0_.id as id2_0_1_, accounts0_.creationTime as creation3_0_1_, accounts0_.updateTime as updateTi4_0_1_, accounts0_.version as version5_0_1_, accounts0_.balance as balance6_0_1_, accounts0_.customer_id as customer7_0_1_, accounts0_.account_type as account_1_0_1_ from Account accounts0_ where accounts0_.customer_id=?
2021-04-09 00:20:30,096 [http-nio-8080-exec-17] - DEBUG - org.hibernate.SQL - select accounts0_.customer_id as customer7_0_0_, accounts0_.id as id2_0_0_, accounts0_.id as id2_0_1_, accounts0_.creationTime as creation3_0_1_, accounts0_.updateTime as updateTi4_0_1_, accounts0_.version as version5_0_1_, accounts0_.balance as balance6_0_1_, accounts0_.customer_id as customer7_0_1_, accounts0_.account_type as account_1_0_1_ from Account accounts0_ where accounts0_.customer_id=?
2021-04-09 00:20:30,097 [http-nio-8080-exec-17] - DEBUG - org.hibernate.SQL - select accounts0_.customer_id as customer7_0_0_, accounts0_.id as id2_0_0_, accounts0_.id as id2_0_1_, accounts0_.creationTime as creation3_0_1_, accounts0_.updateTime as updateTi4_0_1_, accounts0_.version as version5_0_1_, accounts0_.balance as balance6_0_1_, accounts0_.customer_id as customer7_0_1_, accounts0_.account_type as account_1_0_1_ from Account accounts0_ where accounts0_.customer_id=?
2021-04-09 00:54:35,191 [http-nio-8080-exec-33] - DEBUG - org.hibernate.SQL - select customer0_.id as id1_1_0_, customer0_.creationTime as creation2_1_0_, customer0_.updateTime as updateTi3_1_0_, customer0_.version as version4_1_0_, customer0_.email as email5_1_0_, customer0_.firstName as firstNam6_1_0_, customer0_.lastName as lastName7_1_0_, customer0_.phone as phone8_1_0_, accounts1_.customer_id as customer7_0_1_, accounts1_.id as id2_0_1_, accounts1_.id as id2_0_2_, accounts1_.creationTime as creation3_0_2_, accounts1_.updateTime as updateTi4_0_2_, accounts1_.version as version5_0_2_, accounts1_.balance as balance6_0_2_, accounts1_.customer_id as customer7_0_2_, accounts1_.account_type as account_1_0_2_ from customer customer0_ left outer join Account accounts1_ on customer0_.id=accounts1_.customer_id where customer0_.id=?
