05-Apr-2021 14:49:05.171 INFO [main] org.apache.catalina.startup.VersionLoggerListener.log Server version name:   Apache Tomcat/8.5.64
05-Apr-2021 14:49:05.173 INFO [main] org.apache.catalina.startup.VersionLoggerListener.log Server built:          Mar 4 2021 23:14:16 UTC
05-Apr-2021 14:49:05.173 INFO [main] org.apache.catalina.startup.VersionLoggerListener.log Server version number: 8.5.64.0
05-Apr-2021 14:49:05.173 INFO [main] org.apache.catalina.startup.VersionLoggerListener.log OS Name:               Mac OS X
05-Apr-2021 14:49:05.173 INFO [main] org.apache.catalina.startup.VersionLoggerListener.log OS Version:            10.14.6
05-Apr-2021 14:49:05.174 INFO [main] org.apache.catalina.startup.VersionLoggerListener.log Architecture:          x86_64
05-Apr-2021 14:49:05.174 INFO [main] org.apache.catalina.startup.VersionLoggerListener.log Java Home:             /Library/Java/JavaVirtualMachines/openjdk-14.0.2.jdk/Contents/Home
05-Apr-2021 14:49:05.174 INFO [main] org.apache.catalina.startup.VersionLoggerListener.log JVM Version:           14.0.2+12-46
05-Apr-2021 14:49:05.174 INFO [main] org.apache.catalina.startup.VersionLoggerListener.log JVM Vendor:            Oracle Corporation
05-Apr-2021 14:49:05.174 INFO [main] org.apache.catalina.startup.VersionLoggerListener.log CATALINA_BASE:         /Users/codecadet/workspace/apache-tomcat-8.5.64
05-Apr-2021 14:49:05.174 INFO [main] org.apache.catalina.startup.VersionLoggerListener.log CATALINA_HOME:         /Users/codecadet/workspace/apache-tomcat-8.5.64
05-Apr-2021 14:49:05.176 INFO [main] org.apache.catalina.startup.VersionLoggerListener.log Command line argument: --add-opens=java.base/java.lang=ALL-UNNAMED
05-Apr-2021 14:49:05.176 INFO [main] org.apache.catalina.startup.VersionLoggerListener.log Command line argument: --add-opens=java.base/java.io=ALL-UNNAMED
05-Apr-2021 14:49:05.177 INFO [main] org.apache.catalina.startup.VersionLoggerListener.log Command line argument: --add-opens=java.base/java.util=ALL-UNNAMED
05-Apr-2021 14:49:05.177 INFO [main] org.apache.catalina.startup.VersionLoggerListener.log Command line argument: --add-opens=java.base/java.util.concurrent=ALL-UNNAMED
05-Apr-2021 14:49:05.177 INFO [main] org.apache.catalina.startup.VersionLoggerListener.log Command line argument: --add-opens=java.rmi/sun.rmi.transport=ALL-UNNAMED
05-Apr-2021 14:49:05.177 INFO [main] org.apache.catalina.startup.VersionLoggerListener.log Command line argument: -Djava.util.logging.config.file=/Users/codecadet/workspace/apache-tomcat-8.5.64/conf/logging.properties
05-Apr-2021 14:49:05.177 INFO [main] org.apache.catalina.startup.VersionLoggerListener.log Command line argument: -Djava.util.logging.manager=org.apache.juli.ClassLoaderLogManager
05-Apr-2021 14:49:05.177 INFO [main] org.apache.catalina.startup.VersionLoggerListener.log Command line argument: -Djdk.tls.ephemeralDHKeySize=2048
05-Apr-2021 14:49:05.177 INFO [main] org.apache.catalina.startup.VersionLoggerListener.log Command line argument: -Djava.protocol.handler.pkgs=org.apache.catalina.webresources
05-Apr-2021 14:49:05.177 INFO [main] org.apache.catalina.startup.VersionLoggerListener.log Command line argument: -Dorg.apache.catalina.security.SecurityListener.UMASK=0027
05-Apr-2021 14:49:05.178 INFO [main] org.apache.catalina.startup.VersionLoggerListener.log Command line argument: -Dignore.endorsed.dirs=
05-Apr-2021 14:49:05.178 INFO [main] org.apache.catalina.startup.VersionLoggerListener.log Command line argument: -Dcatalina.base=/Users/codecadet/workspace/apache-tomcat-8.5.64
05-Apr-2021 14:49:05.178 INFO [main] org.apache.catalina.startup.VersionLoggerListener.log Command line argument: -Dcatalina.home=/Users/codecadet/workspace/apache-tomcat-8.5.64
05-Apr-2021 14:49:05.178 INFO [main] org.apache.catalina.startup.VersionLoggerListener.log Command line argument: -Djava.io.tmpdir=/Users/codecadet/workspace/apache-tomcat-8.5.64/temp
05-Apr-2021 14:49:05.178 INFO [main] org.apache.catalina.core.AprLifecycleListener.lifecycleEvent The Apache Tomcat Native library which allows using OpenSSL was not found on the java.library.path: [/Users/codecadet/Library/Java/Extensions:/Library/Java/Extensions:/Network/Library/Java/Extensions:/System/Library/Java/Extensions:/usr/lib/java:.]
05-Apr-2021 14:49:05.218 INFO [main] org.apache.coyote.AbstractProtocol.init Initializing ProtocolHandler ["http-nio-8080"]
05-Apr-2021 14:49:05.258 INFO [main] org.apache.tomcat.util.net.NioSelectorPool.getSharedSelector Using a shared selector for servlet write/read
05-Apr-2021 14:49:05.272 INFO [main] org.apache.catalina.startup.Catalina.load Initialization processed in 580 ms
05-Apr-2021 14:49:05.308 INFO [main] org.apache.catalina.core.StandardService.startInternal Starting service [Catalina]
05-Apr-2021 14:49:05.308 INFO [main] org.apache.catalina.core.StandardEngine.startInternal Starting Servlet Engine: Apache Tomcat/8.5.64
05-Apr-2021 14:49:05.348 INFO [localhost-startStop-1] org.apache.catalina.startup.HostConfig.deployWAR Deploying web application archive [/Users/codecadet/workspace/apache-tomcat-8.5.64/webapps/hello.war]
05-Apr-2021 14:49:07.079 INFO [localhost-startStop-1] org.apache.jasper.servlet.TldScanner.scanJars At least one JAR was scanned for TLDs yet contained no TLDs. Enable debug logging for this logger for a complete list of JARs that were scanned but no TLDs were found in them. Skipping unneeded JARs during scanning can improve startup time and JSP compilation time.
05-Apr-2021 14:49:07.121 INFO [localhost-startStop-1] org.apache.catalina.startup.HostConfig.deployWAR Deployment of web application archive [/Users/codecadet/workspace/apache-tomcat-8.5.64/webapps/hello.war] has finished in [1,773] ms
05-Apr-2021 14:49:07.125 INFO [localhost-startStop-1] org.apache.catalina.startup.HostConfig.deployWAR Deploying web application archive [/Users/codecadet/workspace/apache-tomcat-8.5.64/webapps/javabank4.war]
05-Apr-2021 14:49:08.689 INFO [localhost-startStop-1] org.apache.jasper.servlet.TldScanner.scanJars At least one JAR was scanned for TLDs yet contained no TLDs. Enable debug logging for this logger for a complete list of JARs that were scanned but no TLDs were found in them. Skipping unneeded JARs during scanning can improve startup time and JSP compilation time.
05-Apr-2021 14:49:09.570 INFO [localhost-startStop-1] org.apache.catalina.startup.HostConfig.deployWAR Deployment of web application archive [/Users/codecadet/workspace/apache-tomcat-8.5.64/webapps/javabank4.war] has finished in [2,445] ms
05-Apr-2021 14:49:09.574 INFO [localhost-startStop-1] org.apache.catalina.startup.HostConfig.deployWAR Deploying web application archive [/Users/codecadet/workspace/apache-tomcat-8.5.64/webapps/javabank2.war]
05-Apr-2021 14:49:10.915 INFO [localhost-startStop-1] org.apache.jasper.servlet.TldScanner.scanJars At least one JAR was scanned for TLDs yet contained no TLDs. Enable debug logging for this logger for a complete list of JARs that were scanned but no TLDs were found in them. Skipping unneeded JARs during scanning can improve startup time and JSP compilation time.
05-Apr-2021 14:49:10.917 INFO [localhost-startStop-1] org.apache.catalina.startup.HostConfig.deployWAR Deployment of web application archive [/Users/codecadet/workspace/apache-tomcat-8.5.64/webapps/javabank2.war] has finished in [1,343] ms
05-Apr-2021 14:49:10.919 INFO [localhost-startStop-1] org.apache.catalina.startup.HostConfig.deployDirectory Deploying web application directory [/Users/codecadet/workspace/apache-tomcat-8.5.64/webapps/docs]
05-Apr-2021 14:49:10.933 INFO [localhost-startStop-1] org.apache.catalina.startup.HostConfig.deployDirectory Deployment of web application directory [/Users/codecadet/workspace/apache-tomcat-8.5.64/webapps/docs] has finished in [14] ms
05-Apr-2021 14:49:10.933 INFO [localhost-startStop-1] org.apache.catalina.startup.HostConfig.deployDirectory Deploying web application directory [/Users/codecadet/workspace/apache-tomcat-8.5.64/webapps/manager]
05-Apr-2021 14:49:10.962 INFO [localhost-startStop-1] org.apache.catalina.startup.HostConfig.deployDirectory Deployment of web application directory [/Users/codecadet/workspace/apache-tomcat-8.5.64/webapps/manager] has finished in [29] ms
05-Apr-2021 14:49:10.962 INFO [localhost-startStop-1] org.apache.catalina.startup.HostConfig.deployDirectory Deploying web application directory [/Users/codecadet/workspace/apache-tomcat-8.5.64/webapps/examples]
05-Apr-2021 14:49:11.127 INFO [localhost-startStop-1] org.apache.catalina.startup.HostConfig.deployDirectory Deployment of web application directory [/Users/codecadet/workspace/apache-tomcat-8.5.64/webapps/examples] has finished in [165] ms
05-Apr-2021 14:49:11.127 INFO [localhost-startStop-1] org.apache.catalina.startup.HostConfig.deployDirectory Deploying web application directory [/Users/codecadet/workspace/apache-tomcat-8.5.64/webapps/ROOT]
05-Apr-2021 14:49:11.139 INFO [localhost-startStop-1] org.apache.catalina.startup.HostConfig.deployDirectory Deployment of web application directory [/Users/codecadet/workspace/apache-tomcat-8.5.64/webapps/ROOT] has finished in [12] ms
05-Apr-2021 14:49:11.139 INFO [localhost-startStop-1] org.apache.catalina.startup.HostConfig.deployDirectory Deploying web application directory [/Users/codecadet/workspace/apache-tomcat-8.5.64/webapps/host-manager]
05-Apr-2021 14:49:11.153 INFO [localhost-startStop-1] org.apache.catalina.startup.HostConfig.deployDirectory Deployment of web application directory [/Users/codecadet/workspace/apache-tomcat-8.5.64/webapps/host-manager] has finished in [13] ms
05-Apr-2021 14:49:11.157 INFO [main] org.apache.coyote.AbstractProtocol.start Starting ProtocolHandler ["http-nio-8080"]
05-Apr-2021 14:49:11.165 INFO [main] org.apache.catalina.startup.Catalina.start Server startup in 5893 ms
05-Apr-2021 14:49:30.532 INFO [http-nio-8080-exec-8] org.springframework.web.servlet.DispatcherServlet.initServletBean FrameworkServlet 'dispatcherServlet': initialization started
05-Apr-2021 14:49:30.549 INFO [http-nio-8080-exec-8] org.springframework.web.context.support.XmlWebApplicationContext.prepareRefresh Refreshing WebApplicationContext for namespace 'dispatcherServlet-servlet': startup date [Mon Apr 05 14:49:30 AZOST 2021]; root of context hierarchy
05-Apr-2021 14:49:30.583 INFO [http-nio-8080-exec-8] org.springframework.beans.factory.xml.XmlBeanDefinitionReader.loadBeanDefinitions Loading XML bean definitions from ServletContext resource [/WEB-INF/spring/spring-config.xml]
05-Apr-2021 14:49:30.888 INFO [http-nio-8080-exec-8] org.springframework.beans.factory.xml.XmlBeanDefinitionReader.loadBeanDefinitions Loading XML bean definitions from ServletContext resource [/WEB-INF/spring/persistence.xml]
05-Apr-2021 14:49:30.903 INFO [http-nio-8080-exec-8] org.springframework.beans.factory.xml.XmlBeanDefinitionReader.loadBeanDefinitions Loading XML bean definitions from ServletContext resource [/WEB-INF/spring/persistence/persistence-test.xml]
05-Apr-2021 14:49:30.914 INFO [http-nio-8080-exec-8] org.springframework.beans.factory.xml.DefaultBeanDefinitionDocumentReader.doRegisterBeanDefinitions Skipped XML bean definition file due to specified profiles [test] not matching: ServletContext resource [/WEB-INF/spring/persistence/persistence-test.xml]
05-Apr-2021 14:49:30.915 INFO [http-nio-8080-exec-8] org.springframework.beans.factory.xml.XmlBeanDefinitionReader.loadBeanDefinitions Loading XML bean definitions from ServletContext resource [/WEB-INF/spring/persistence/persistence-dev.xml]
05-Apr-2021 14:49:30.927 INFO [http-nio-8080-exec-8] org.springframework.beans.factory.xml.XmlBeanDefinitionReader.loadBeanDefinitions Loading XML bean definitions from ServletContext resource [/WEB-INF/spring/persistence/persistence-prod.xml]
05-Apr-2021 14:49:30.936 INFO [http-nio-8080-exec-8] org.springframework.beans.factory.xml.DefaultBeanDefinitionDocumentReader.doRegisterBeanDefinitions Skipped XML bean definition file due to specified profiles [prod] not matching: ServletContext resource [/WEB-INF/spring/persistence/persistence-prod.xml]
05-Apr-2021 14:49:30.950 INFO [http-nio-8080-exec-8] org.springframework.beans.factory.xml.XmlBeanDefinitionReader.loadBeanDefinitions Loading XML bean definitions from ServletContext resource [/WEB-INF/spring/presentation.xml]
05-Apr-2021 14:49:31.288 INFO [http-nio-8080-exec-8] org.springframework.jdbc.datasource.DriverManagerDataSource.setDriverClassName Loaded JDBC driver: org.h2.Driver
05-Apr-2021 14:49:31.397 INFO [http-nio-8080-exec-8] org.springframework.orm.jpa.LocalContainerEntityManagerFactoryBean.createNativeEntityManagerFactory Building JPA container EntityManagerFactory for persistence unit 'default'
05-Apr-2021 14:49:33.843 INFO [http-nio-8080-exec-8] org.springframework.orm.jpa.LocalContainerEntityManagerFactoryBean.buildNativeEntityManagerFactory Initialized JPA EntityManagerFactory for persistence unit 'default'
05-Apr-2021 14:49:33.952 INFO [http-nio-8080-exec-8] org.springframework.web.servlet.handler.SimpleUrlHandlerMapping.registerHandler Mapped URL path [/**] onto handler 'org.springframework.web.servlet.resource.DefaultServletHttpRequestHandler#0'
05-Apr-2021 14:49:34.046 INFO [http-nio-8080-exec-8] org.springframework.web.servlet.mvc.method.annotation.RequestMappingHandlerMapping.register Mapped "{[/customer/list || /customer/ || /customer],methods=[GET]}" onto public java.lang.String org.academiadecodigo.javabank.controller.CustomerController.listCustomers(org.springframework.ui.Model) throws org.academiadecodigo.javabank.exceptions.JavaBankException
05-Apr-2021 14:49:34.048 INFO [http-nio-8080-exec-8] org.springframework.web.servlet.mvc.method.annotation.RequestMappingHandlerMapping.register Mapped "{[/customer/add],methods=[GET]}" onto public java.lang.String org.academiadecodigo.javabank.controller.CustomerController.addCustomer(org.springframework.ui.Model)
05-Apr-2021 14:49:34.049 INFO [http-nio-8080-exec-8] org.springframework.web.servlet.mvc.method.annotation.RequestMappingHandlerMapping.register Mapped "{[/customer/{id}/edit],methods=[GET]}" onto public java.lang.String org.academiadecodigo.javabank.controller.CustomerController.editCustomer(java.lang.Integer,org.springframework.ui.Model) throws org.academiadecodigo.javabank.exceptions.CustomerNotFoundException
05-Apr-2021 14:49:34.049 INFO [http-nio-8080-exec-8] org.springframework.web.servlet.mvc.method.annotation.RequestMappingHandlerMapping.register Mapped "{[/customer/{id}],methods=[GET]}" onto public java.lang.String org.academiadecodigo.javabank.controller.CustomerController.showCustomer(java.lang.Integer,org.springframework.ui.Model) throws org.academiadecodigo.javabank.exceptions.JavaBankException
05-Apr-2021 14:49:34.050 INFO [http-nio-8080-exec-8] org.springframework.web.servlet.mvc.method.annotation.RequestMappingHandlerMapping.register Mapped "{[/customer/ || /customer],methods=[POST],params=[action=save]}" onto public java.lang.String org.academiadecodigo.javabank.controller.CustomerController.saveCustomer(org.academiadecodigo.javabank.command.CustomerDto,org.springframework.validation.BindingResult,org.springframework.web.servlet.mvc.support.RedirectAttributes) throws org.academiadecodigo.javabank.exceptions.CustomerNotFoundException
05-Apr-2021 14:49:34.050 INFO [http-nio-8080-exec-8] org.springframework.web.servlet.mvc.method.annotation.RequestMappingHandlerMapping.register Mapped "{[/customer/ || /customer],methods=[POST],params=[action=cancel]}" onto public java.lang.String org.academiadecodigo.javabank.controller.CustomerController.cancelSaveCustomer()
05-Apr-2021 14:49:34.050 INFO [http-nio-8080-exec-8] org.springframework.web.servlet.mvc.method.annotation.RequestMappingHandlerMapping.register Mapped "{[/customer/{id}/delete],methods=[GET]}" onto public java.lang.String org.academiadecodigo.javabank.controller.CustomerController.deleteCustomer(java.lang.Integer,org.springframework.web.servlet.mvc.support.RedirectAttributes) throws org.academiadecodigo.javabank.exceptions.CustomerNotFoundException,org.academiadecodigo.javabank.exceptions.AssociationExistsException
05-Apr-2021 14:49:34.051 INFO [http-nio-8080-exec-8] org.springframework.web.servlet.mvc.method.annotation.RequestMappingHandlerMapping.register Mapped "{[/]}" onto public java.lang.String org.academiadecodigo.javabank.controller.MainController.home()
05-Apr-2021 14:49:34.057 INFO [http-nio-8080-exec-8] org.springframework.web.servlet.mvc.method.annotation.RequestMappingHandlerMapping.register Mapped "{[/customer/{cid}/recipient/add],methods=[GET]}" onto public java.lang.String org.academiadecodigo.javabank.controller.RecipientController.addRecipient(java.lang.Integer,org.springframework.ui.Model) throws org.academiadecodigo.javabank.exceptions.CustomerNotFoundException
05-Apr-2021 14:49:34.057 INFO [http-nio-8080-exec-8] org.springframework.web.servlet.mvc.method.annotation.RequestMappingHandlerMapping.register Mapped "{[/customer/{cid}/recipient/{id}/edit],methods=[GET]}" onto public java.lang.String org.academiadecodigo.javabank.controller.RecipientController.editRecipient(java.lang.Integer,java.lang.Integer,org.springframework.ui.Model) throws org.academiadecodigo.javabank.exceptions.CustomerNotFoundException,org.academiadecodigo.javabank.exceptions.RecipientNotFoundException
05-Apr-2021 14:49:34.057 INFO [http-nio-8080-exec-8] org.springframework.web.servlet.mvc.method.annotation.RequestMappingHandlerMapping.register Mapped "{[/customer/{cid}/recipient/ || /customer/{cid}/recipient],methods=[POST],params=[action=save]}" onto public java.lang.String org.academiadecodigo.javabank.controller.RecipientController.saveRecipient(java.lang.Integer,org.academiadecodigo.javabank.command.RecipientDto,org.springframework.validation.BindingResult,org.springframework.web.servlet.mvc.support.RedirectAttributes,org.springframework.ui.Model) throws org.academiadecodigo.javabank.exceptions.CustomerNotFoundException,org.academiadecodigo.javabank.exceptions.RecipientNotFoundException
05-Apr-2021 14:49:34.058 INFO [http-nio-8080-exec-8] org.springframework.web.servlet.mvc.method.annotation.RequestMappingHandlerMapping.register Mapped "{[/customer/{cid}/recipient/ || /customer/{cid}/recipient],methods=[POST],params=[action=cancel]}" onto public java.lang.String org.academiadecodigo.javabank.controller.RecipientController.cancelSaveRecipient(java.lang.Integer)
05-Apr-2021 14:49:34.058 INFO [http-nio-8080-exec-8] org.springframework.web.servlet.mvc.method.annotation.RequestMappingHandlerMapping.register Mapped "{[/customer/{cid}/recipient/{id}/delete],methods=[GET]}" onto public java.lang.String org.academiadecodigo.javabank.controller.RecipientController.deleteRecipient(java.lang.Integer,java.lang.Integer,org.springframework.web.servlet.mvc.support.RedirectAttributes) throws org.academiadecodigo.javabank.exceptions.CustomerNotFoundException,org.academiadecodigo.javabank.exceptions.RecipientNotFoundException
05-Apr-2021 14:49:34.067 INFO [http-nio-8080-exec-8] org.springframework.web.servlet.mvc.method.annotation.RequestMappingHandlerMapping.register Mapped "{[/api/customer/{id}],methods=[PUT],produces=[application/json]}" onto public org.springframework.http.ResponseEntity<org.academiadecodigo.javabank.command.CustomerDto> org.academiadecodigo.javabank.restcontroller.RestCustomerController.editCustomer(org.academiadecodigo.javabank.command.CustomerDto,org.springframework.validation.BindingResult,java.lang.Integer)
05-Apr-2021 14:49:34.069 INFO [http-nio-8080-exec-8] org.springframework.web.servlet.mvc.method.annotation.RequestMappingHandlerMapping.register Mapped "{[/api/customer/{id}],methods=[DELETE],produces=[application/json]}" onto public org.springframework.http.ResponseEntity org.academiadecodigo.javabank.restcontroller.RestCustomerController.deleteCustomer(java.lang.Integer)
05-Apr-2021 14:49:34.069 INFO [http-nio-8080-exec-8] org.springframework.web.servlet.mvc.method.annotation.RequestMappingHandlerMapping.register Mapped "{[/api/customer],methods=[GET],produces=[application/json]}" onto public org.springframework.http.ResponseEntity<java.util.List<org.academiadecodigo.javabank.command.CustomerDto>> org.academiadecodigo.javabank.restcontroller.RestCustomerController.readAllCustomers()
05-Apr-2021 14:49:34.069 INFO [http-nio-8080-exec-8] org.springframework.web.servlet.mvc.method.annotation.RequestMappingHandlerMapping.register Mapped "{[/api/customer/{id}],methods=[GET],produces=[application/json]}" onto public org.springframework.http.ResponseEntity<org.academiadecodigo.javabank.command.CustomerDto> org.academiadecodigo.javabank.restcontroller.RestCustomerController.readCustomer(java.lang.Integer)
05-Apr-2021 14:49:34.070 INFO [http-nio-8080-exec-8] org.springframework.web.servlet.mvc.method.annotation.RequestMappingHandlerMapping.register Mapped "{[/api/customer/{id}/account],methods=[GET],produces=[application/json]}" onto public org.springframework.http.ResponseEntity<java.util.List<org.academiadecodigo.javabank.command.AccountDto>> org.academiadecodigo.javabank.restcontroller.RestCustomerController.accountsOfCustomer(java.lang.Integer)
05-Apr-2021 14:49:34.070 INFO [http-nio-8080-exec-8] org.springframework.web.servlet.mvc.method.annotation.RequestMappingHandlerMapping.register Mapped "{[/api/customer/{cid}/account/{aid}],methods=[GET],produces=[application/json]}" onto public org.springframework.http.ResponseEntity<org.academiadecodigo.javabank.command.AccountDto> org.academiadecodigo.javabank.restcontroller.RestCustomerController.accountFromCustomer(java.lang.Integer,java.lang.Integer)
05-Apr-2021 14:49:34.071 INFO [http-nio-8080-exec-8] org.springframework.web.servlet.mvc.method.annotation.RequestMappingHandlerMapping.register Mapped "{[/api/customer],methods=[POST],produces=[application/json]}" onto public org.springframework.http.ResponseEntity<org.academiadecodigo.javabank.command.CustomerDto> org.academiadecodigo.javabank.restcontroller.RestCustomerController.newCustomer(org.academiadecodigo.javabank.command.CustomerDto,org.springframework.validation.BindingResult)
05-Apr-2021 14:49:34.390 INFO [http-nio-8080-exec-8] org.springframework.web.servlet.mvc.method.annotation.RequestMappingHandlerAdapter.initControllerAdviceCache Looking for @ControllerAdvice: WebApplicationContext for namespace 'dispatcherServlet-servlet': startup date [Mon Apr 05 14:49:30 AZOST 2021]; root of context hierarchy
05-Apr-2021 14:49:34.447 INFO [http-nio-8080-exec-8] org.springframework.web.servlet.mvc.method.annotation.RequestMappingHandlerAdapter.initControllerAdviceCache Looking for @ControllerAdvice: WebApplicationContext for namespace 'dispatcherServlet-servlet': startup date [Mon Apr 05 14:49:30 AZOST 2021]; root of context hierarchy
05-Apr-2021 14:49:34.474 INFO [http-nio-8080-exec-8] org.springframework.web.servlet.mvc.method.annotation.ExceptionHandlerExceptionResolver.initExceptionHandlerAdviceCache Detected @ExceptionHandler methods in globalControllerExceptionHandler
05-Apr-2021 14:49:34.712 INFO [http-nio-8080-exec-8] org.springframework.web.servlet.DispatcherServlet.initServletBean FrameworkServlet 'dispatcherServlet': initialization completed in 4180 ms
05-Apr-2021 15:35:11.801 INFO [http-nio-8080-exec-4] org.apache.catalina.startup.HostConfig.undeploy Undeploying context [/javabank4]
05-Apr-2021 15:35:11.807 INFO [http-nio-8080-exec-4] org.springframework.web.context.support.XmlWebApplicationContext.doClose Closing WebApplicationContext for namespace 'dispatcherServlet-servlet': startup date [Mon Apr 05 14:49:30 AZOST 2021]; root of context hierarchy
05-Apr-2021 15:35:11.810 INFO [http-nio-8080-exec-4] org.springframework.orm.jpa.LocalContainerEntityManagerFactoryBean.destroy Closing JPA EntityManagerFactory for persistence unit 'default'
05-Apr-2021 15:35:11.827 WARNING [http-nio-8080-exec-4] org.apache.catalina.loader.WebappClassLoaderBase.clearReferencesJdbc The web application [javabank4] registered the JDBC driver [org.h2.Driver] but failed to unregister it when the web application was stopped. To prevent a memory leak, the JDBC Driver has been forcibly unregistered.
05-Apr-2021 15:35:11.855 INFO [http-nio-8080-exec-4] org.apache.catalina.startup.HostConfig.deployWAR Deploying web application archive [/Users/codecadet/workspace/apache-tomcat-8.5.64/webapps/javabank4.war]
05-Apr-2021 15:35:13.134 INFO [http-nio-8080-exec-4] org.apache.jasper.servlet.TldScanner.scanJars At least one JAR was scanned for TLDs yet contained no TLDs. Enable debug logging for this logger for a complete list of JARs that were scanned but no TLDs were found in them. Skipping unneeded JARs during scanning can improve startup time and JSP compilation time.
05-Apr-2021 15:35:13.600 INFO [http-nio-8080-exec-4] org.apache.catalina.startup.HostConfig.deployWAR Deployment of web application archive [/Users/codecadet/workspace/apache-tomcat-8.5.64/webapps/javabank4.war] has finished in [1,745] ms
05-Apr-2021 15:35:19.573 INFO [http-nio-8080-exec-7] org.springframework.web.servlet.DispatcherServlet.initServletBean FrameworkServlet 'dispatcherServlet': initialization started
05-Apr-2021 15:35:19.594 INFO [http-nio-8080-exec-7] org.springframework.web.context.support.XmlWebApplicationContext.prepareRefresh Refreshing WebApplicationContext for namespace 'dispatcherServlet-servlet': startup date [Mon Apr 05 15:35:19 AZOST 2021]; root of context hierarchy
05-Apr-2021 15:35:19.634 INFO [http-nio-8080-exec-7] org.springframework.beans.factory.xml.XmlBeanDefinitionReader.loadBeanDefinitions Loading XML bean definitions from ServletContext resource [/WEB-INF/spring/spring-config.xml]
05-Apr-2021 15:35:20.238 INFO [http-nio-8080-exec-7] org.springframework.beans.factory.xml.XmlBeanDefinitionReader.loadBeanDefinitions Loading XML bean definitions from ServletContext resource [/WEB-INF/spring/persistence.xml]
05-Apr-2021 15:35:20.270 INFO [http-nio-8080-exec-7] org.springframework.beans.factory.xml.XmlBeanDefinitionReader.loadBeanDefinitions Loading XML bean definitions from ServletContext resource [/WEB-INF/spring/persistence/persistence-test.xml]
05-Apr-2021 15:35:20.280 INFO [http-nio-8080-exec-7] org.springframework.beans.factory.xml.DefaultBeanDefinitionDocumentReader.doRegisterBeanDefinitions Skipped XML bean definition file due to specified profiles [test] not matching: ServletContext resource [/WEB-INF/spring/persistence/persistence-test.xml]
05-Apr-2021 15:35:20.281 INFO [http-nio-8080-exec-7] org.springframework.beans.factory.xml.XmlBeanDefinitionReader.loadBeanDefinitions Loading XML bean definitions from ServletContext resource [/WEB-INF/spring/persistence/persistence-dev.xml]
05-Apr-2021 15:35:20.289 INFO [http-nio-8080-exec-7] org.springframework.beans.factory.xml.XmlBeanDefinitionReader.loadBeanDefinitions Loading XML bean definitions from ServletContext resource [/WEB-INF/spring/persistence/persistence-prod.xml]
05-Apr-2021 15:35:20.295 INFO [http-nio-8080-exec-7] org.springframework.beans.factory.xml.DefaultBeanDefinitionDocumentReader.doRegisterBeanDefinitions Skipped XML bean definition file due to specified profiles [prod] not matching: ServletContext resource [/WEB-INF/spring/persistence/persistence-prod.xml]
05-Apr-2021 15:35:20.308 INFO [http-nio-8080-exec-7] org.springframework.beans.factory.xml.XmlBeanDefinitionReader.loadBeanDefinitions Loading XML bean definitions from ServletContext resource [/WEB-INF/spring/presentation.xml]
05-Apr-2021 15:35:20.968 INFO [http-nio-8080-exec-7] org.springframework.jdbc.datasource.DriverManagerDataSource.setDriverClassName Loaded JDBC driver: org.h2.Driver
05-Apr-2021 15:35:21.051 INFO [http-nio-8080-exec-7] org.springframework.orm.jpa.LocalContainerEntityManagerFactoryBean.createNativeEntityManagerFactory Building JPA container EntityManagerFactory for persistence unit 'default'
05-Apr-2021 15:35:22.526 INFO [http-nio-8080-exec-7] org.springframework.orm.jpa.LocalContainerEntityManagerFactoryBean.buildNativeEntityManagerFactory Initialized JPA EntityManagerFactory for persistence unit 'default'
05-Apr-2021 15:35:22.613 INFO [http-nio-8080-exec-7] org.springframework.web.servlet.handler.SimpleUrlHandlerMapping.registerHandler Mapped URL path [/**] onto handler 'org.springframework.web.servlet.resource.DefaultServletHttpRequestHandler#0'
05-Apr-2021 15:35:22.673 INFO [http-nio-8080-exec-7] org.springframework.web.servlet.mvc.method.annotation.RequestMappingHandlerMapping.register Mapped "{[/customer/list || /customer/ || /customer],methods=[GET]}" onto public java.lang.String org.academiadecodigo.javabank.controller.CustomerController.listCustomers(org.springframework.ui.Model) throws org.academiadecodigo.javabank.exceptions.JavaBankException
05-Apr-2021 15:35:22.674 INFO [http-nio-8080-exec-7] org.springframework.web.servlet.mvc.method.annotation.RequestMappingHandlerMapping.register Mapped "{[/customer/add],methods=[GET]}" onto public java.lang.String org.academiadecodigo.javabank.controller.CustomerController.addCustomer(org.springframework.ui.Model)
05-Apr-2021 15:35:22.675 INFO [http-nio-8080-exec-7] org.springframework.web.servlet.mvc.method.annotation.RequestMappingHandlerMapping.register Mapped "{[/customer/{id}/edit],methods=[GET]}" onto public java.lang.String org.academiadecodigo.javabank.controller.CustomerController.editCustomer(java.lang.Integer,org.springframework.ui.Model) throws org.academiadecodigo.javabank.exceptions.CustomerNotFoundException
05-Apr-2021 15:35:22.675 INFO [http-nio-8080-exec-7] org.springframework.web.servlet.mvc.method.annotation.RequestMappingHandlerMapping.register Mapped "{[/customer/{id}],methods=[GET]}" onto public java.lang.String org.academiadecodigo.javabank.controller.CustomerController.showCustomer(java.lang.Integer,org.springframework.ui.Model) throws org.academiadecodigo.javabank.exceptions.JavaBankException
05-Apr-2021 15:35:22.675 INFO [http-nio-8080-exec-7] org.springframework.web.servlet.mvc.method.annotation.RequestMappingHandlerMapping.register Mapped "{[/customer/ || /customer],methods=[POST],params=[action=save]}" onto public java.lang.String org.academiadecodigo.javabank.controller.CustomerController.saveCustomer(org.academiadecodigo.javabank.command.CustomerDto,org.springframework.validation.BindingResult,org.springframework.web.servlet.mvc.support.RedirectAttributes) throws org.academiadecodigo.javabank.exceptions.CustomerNotFoundException
05-Apr-2021 15:35:22.676 INFO [http-nio-8080-exec-7] org.springframework.web.servlet.mvc.method.annotation.RequestMappingHandlerMapping.register Mapped "{[/customer/ || /customer],methods=[POST],params=[action=cancel]}" onto public java.lang.String org.academiadecodigo.javabank.controller.CustomerController.cancelSaveCustomer()
05-Apr-2021 15:35:22.676 INFO [http-nio-8080-exec-7] org.springframework.web.servlet.mvc.method.annotation.RequestMappingHandlerMapping.register Mapped "{[/customer/{id}/delete],methods=[GET]}" onto public java.lang.String org.academiadecodigo.javabank.controller.CustomerController.deleteCustomer(java.lang.Integer,org.springframework.web.servlet.mvc.support.RedirectAttributes) throws org.academiadecodigo.javabank.exceptions.CustomerNotFoundException,org.academiadecodigo.javabank.exceptions.AssociationExistsException
05-Apr-2021 15:35:22.677 INFO [http-nio-8080-exec-7] org.springframework.web.servlet.mvc.method.annotation.RequestMappingHandlerMapping.register Mapped "{[/]}" onto public java.lang.String org.academiadecodigo.javabank.controller.MainController.home()
05-Apr-2021 15:35:22.681 INFO [http-nio-8080-exec-7] org.springframework.web.servlet.mvc.method.annotation.RequestMappingHandlerMapping.register Mapped "{[/customer/{cid}/recipient/add],methods=[GET]}" onto public java.lang.String org.academiadecodigo.javabank.controller.RecipientController.addRecipient(java.lang.Integer,org.springframework.ui.Model) throws org.academiadecodigo.javabank.exceptions.CustomerNotFoundException
05-Apr-2021 15:35:22.682 INFO [http-nio-8080-exec-7] org.springframework.web.servlet.mvc.method.annotation.RequestMappingHandlerMapping.register Mapped "{[/customer/{cid}/recipient/{id}/edit],methods=[GET]}" onto public java.lang.String org.academiadecodigo.javabank.controller.RecipientController.editRecipient(java.lang.Integer,java.lang.Integer,org.springframework.ui.Model) throws org.academiadecodigo.javabank.exceptions.CustomerNotFoundException,org.academiadecodigo.javabank.exceptions.RecipientNotFoundException
05-Apr-2021 15:35:22.682 INFO [http-nio-8080-exec-7] org.springframework.web.servlet.mvc.method.annotation.RequestMappingHandlerMapping.register Mapped "{[/customer/{cid}/recipient/ || /customer/{cid}/recipient],methods=[POST],params=[action=save]}" onto public java.lang.String org.academiadecodigo.javabank.controller.RecipientController.saveRecipient(java.lang.Integer,org.academiadecodigo.javabank.command.RecipientDto,org.springframework.validation.BindingResult,org.springframework.web.servlet.mvc.support.RedirectAttributes,org.springframework.ui.Model) throws org.academiadecodigo.javabank.exceptions.CustomerNotFoundException,org.academiadecodigo.javabank.exceptions.RecipientNotFoundException
05-Apr-2021 15:35:22.682 INFO [http-nio-8080-exec-7] org.springframework.web.servlet.mvc.method.annotation.RequestMappingHandlerMapping.register Mapped "{[/customer/{cid}/recipient/ || /customer/{cid}/recipient],methods=[POST],params=[action=cancel]}" onto public java.lang.String org.academiadecodigo.javabank.controller.RecipientController.cancelSaveRecipient(java.lang.Integer)
05-Apr-2021 15:35:22.683 INFO [http-nio-8080-exec-7] org.springframework.web.servlet.mvc.method.annotation.RequestMappingHandlerMapping.register Mapped "{[/customer/{cid}/recipient/{id}/delete],methods=[GET]}" onto public java.lang.String org.academiadecodigo.javabank.controller.RecipientController.deleteRecipient(java.lang.Integer,java.lang.Integer,org.springframework.web.servlet.mvc.support.RedirectAttributes) throws org.academiadecodigo.javabank.exceptions.CustomerNotFoundException,org.academiadecodigo.javabank.exceptions.RecipientNotFoundException
05-Apr-2021 15:35:22.690 INFO [http-nio-8080-exec-7] org.springframework.web.servlet.mvc.method.annotation.RequestMappingHandlerMapping.register Mapped "{[/api/customer/{id}],methods=[PUT],produces=[application/json]}" onto public org.springframework.http.ResponseEntity<org.academiadecodigo.javabank.command.CustomerDto> org.academiadecodigo.javabank.restcontroller.RestCustomerController.editCustomer(org.academiadecodigo.javabank.command.CustomerDto,org.springframework.validation.BindingResult,java.lang.Integer)
05-Apr-2021 15:35:22.691 INFO [http-nio-8080-exec-7] org.springframework.web.servlet.mvc.method.annotation.RequestMappingHandlerMapping.register Mapped "{[/api/customer/{id}],methods=[DELETE],produces=[application/json]}" onto public org.springframework.http.ResponseEntity org.academiadecodigo.javabank.restcontroller.RestCustomerController.deleteCustomer(java.lang.Integer)
05-Apr-2021 15:35:22.692 INFO [http-nio-8080-exec-7] org.springframework.web.servlet.mvc.method.annotation.RequestMappingHandlerMapping.register Mapped "{[/api/customer],methods=[GET],produces=[application/json]}" onto public org.springframework.http.ResponseEntity<java.util.List<org.academiadecodigo.javabank.command.CustomerDto>> org.academiadecodigo.javabank.restcontroller.RestCustomerController.readAllCustomers()
05-Apr-2021 15:35:22.692 INFO [http-nio-8080-exec-7] org.springframework.web.servlet.mvc.method.annotation.RequestMappingHandlerMapping.register Mapped "{[/api/customer/{id}],methods=[GET],produces=[application/json]}" onto public org.springframework.http.ResponseEntity<org.academiadecodigo.javabank.command.CustomerDto> org.academiadecodigo.javabank.restcontroller.RestCustomerController.readCustomer(java.lang.Integer)
05-Apr-2021 15:35:22.692 INFO [http-nio-8080-exec-7] org.springframework.web.servlet.mvc.method.annotation.RequestMappingHandlerMapping.register Mapped "{[/api/customer/{id}/account],methods=[GET],produces=[application/json]}" onto public org.springframework.http.ResponseEntity<java.util.List<org.academiadecodigo.javabank.command.AccountDto>> org.academiadecodigo.javabank.restcontroller.RestCustomerController.accountsOfCustomer(java.lang.Integer)
05-Apr-2021 15:35:22.693 INFO [http-nio-8080-exec-7] org.springframework.web.servlet.mvc.method.annotation.RequestMappingHandlerMapping.register Mapped "{[/api/customer/{cid}/account/{aid}],methods=[GET],produces=[application/json]}" onto public org.springframework.http.ResponseEntity<org.academiadecodigo.javabank.command.AccountDto> org.academiadecodigo.javabank.restcontroller.RestCustomerController.accountFromCustomer(java.lang.Integer,java.lang.Integer)
05-Apr-2021 15:35:22.693 INFO [http-nio-8080-exec-7] org.springframework.web.servlet.mvc.method.annotation.RequestMappingHandlerMapping.register Mapped "{[/api/customer],methods=[POST],produces=[application/json]}" onto public org.springframework.http.ResponseEntity<org.academiadecodigo.javabank.command.CustomerDto> org.academiadecodigo.javabank.restcontroller.RestCustomerController.newCustomer(org.academiadecodigo.javabank.command.CustomerDto,org.springframework.validation.BindingResult)
05-Apr-2021 15:35:22.911 INFO [http-nio-8080-exec-7] org.springframework.web.servlet.mvc.method.annotation.RequestMappingHandlerAdapter.initControllerAdviceCache Looking for @ControllerAdvice: WebApplicationContext for namespace 'dispatcherServlet-servlet': startup date [Mon Apr 05 15:35:19 AZOST 2021]; root of context hierarchy
05-Apr-2021 15:35:22.953 INFO [http-nio-8080-exec-7] org.springframework.web.servlet.mvc.method.annotation.RequestMappingHandlerAdapter.initControllerAdviceCache Looking for @ControllerAdvice: WebApplicationContext for namespace 'dispatcherServlet-servlet': startup date [Mon Apr 05 15:35:19 AZOST 2021]; root of context hierarchy
05-Apr-2021 15:35:22.974 INFO [http-nio-8080-exec-7] org.springframework.web.servlet.mvc.method.annotation.ExceptionHandlerExceptionResolver.initExceptionHandlerAdviceCache Detected @ExceptionHandler methods in globalControllerExceptionHandler
05-Apr-2021 15:35:23.146 INFO [http-nio-8080-exec-7] org.springframework.web.servlet.DispatcherServlet.initServletBean FrameworkServlet 'dispatcherServlet': initialization completed in 3573 ms
05-Apr-2021 15:51:55.622 INFO [http-nio-8080-exec-18] org.apache.catalina.startup.HostConfig.deployWAR Deploying web application archive [/Users/codecadet/workspace/apache-tomcat-8.5.64/webapps/javabank5.war]
05-Apr-2021 15:51:56.960 INFO [http-nio-8080-exec-18] org.apache.jasper.servlet.TldScanner.scanJars At least one JAR was scanned for TLDs yet contained no TLDs. Enable debug logging for this logger for a complete list of JARs that were scanned but no TLDs were found in them. Skipping unneeded JARs during scanning can improve startup time and JSP compilation time.
05-Apr-2021 15:51:57.495 INFO [http-nio-8080-exec-18] org.apache.catalina.startup.HostConfig.deployWAR Deployment of web application archive [/Users/codecadet/workspace/apache-tomcat-8.5.64/webapps/javabank5.war] has finished in [1,872] ms
05-Apr-2021 15:52:41.719 INFO [http-nio-8080-exec-19] org.springframework.web.servlet.DispatcherServlet.initServletBean FrameworkServlet 'dispatcherServlet': initialization started
05-Apr-2021 15:52:41.737 INFO [http-nio-8080-exec-19] org.springframework.web.context.support.XmlWebApplicationContext.prepareRefresh Refreshing WebApplicationContext for namespace 'dispatcherServlet-servlet': startup date [Mon Apr 05 15:52:41 AZOST 2021]; root of context hierarchy
05-Apr-2021 15:52:41.767 INFO [http-nio-8080-exec-19] org.springframework.beans.factory.xml.XmlBeanDefinitionReader.loadBeanDefinitions Loading XML bean definitions from ServletContext resource [/WEB-INF/spring/spring-config.xml]
05-Apr-2021 15:52:41.936 INFO [http-nio-8080-exec-19] org.springframework.beans.factory.xml.XmlBeanDefinitionReader.loadBeanDefinitions Loading XML bean definitions from ServletContext resource [/WEB-INF/spring/persistence.xml]
05-Apr-2021 15:52:41.943 INFO [http-nio-8080-exec-19] org.springframework.beans.factory.xml.XmlBeanDefinitionReader.loadBeanDefinitions Loading XML bean definitions from ServletContext resource [/WEB-INF/spring/persistence/persistence-test.xml]
05-Apr-2021 15:52:41.948 INFO [http-nio-8080-exec-19] org.springframework.beans.factory.xml.DefaultBeanDefinitionDocumentReader.doRegisterBeanDefinitions Skipped XML bean definition file due to specified profiles [test] not matching: ServletContext resource [/WEB-INF/spring/persistence/persistence-test.xml]
05-Apr-2021 15:52:41.949 INFO [http-nio-8080-exec-19] org.springframework.beans.factory.xml.XmlBeanDefinitionReader.loadBeanDefinitions Loading XML bean definitions from ServletContext resource [/WEB-INF/spring/persistence/persistence-dev.xml]
05-Apr-2021 15:52:41.968 INFO [http-nio-8080-exec-19] org.springframework.beans.factory.xml.XmlBeanDefinitionReader.loadBeanDefinitions Loading XML bean definitions from ServletContext resource [/WEB-INF/spring/persistence/persistence-prod.xml]
05-Apr-2021 15:52:41.973 INFO [http-nio-8080-exec-19] org.springframework.beans.factory.xml.DefaultBeanDefinitionDocumentReader.doRegisterBeanDefinitions Skipped XML bean definition file due to specified profiles [prod] not matching: ServletContext resource [/WEB-INF/spring/persistence/persistence-prod.xml]
05-Apr-2021 15:52:41.985 INFO [http-nio-8080-exec-19] org.springframework.beans.factory.xml.XmlBeanDefinitionReader.loadBeanDefinitions Loading XML bean definitions from ServletContext resource [/WEB-INF/spring/presentation.xml]
05-Apr-2021 15:52:42.362 INFO [http-nio-8080-exec-19] org.springframework.jdbc.datasource.DriverManagerDataSource.setDriverClassName Loaded JDBC driver: org.h2.Driver
05-Apr-2021 15:52:42.422 INFO [http-nio-8080-exec-19] org.springframework.orm.jpa.LocalContainerEntityManagerFactoryBean.createNativeEntityManagerFactory Building JPA container EntityManagerFactory for persistence unit 'default'
05-Apr-2021 15:52:43.898 INFO [http-nio-8080-exec-19] org.springframework.orm.jpa.LocalContainerEntityManagerFactoryBean.buildNativeEntityManagerFactory Initialized JPA EntityManagerFactory for persistence unit 'default'
05-Apr-2021 15:52:43.976 INFO [http-nio-8080-exec-19] org.springframework.web.servlet.handler.SimpleUrlHandlerMapping.registerHandler Mapped URL path [/**] onto handler 'org.springframework.web.servlet.resource.DefaultServletHttpRequestHandler#0'
05-Apr-2021 15:52:44.045 INFO [http-nio-8080-exec-19] org.springframework.web.servlet.mvc.method.annotation.RequestMappingHandlerMapping.register Mapped "{[/api/customer/{cid}/account],methods=[POST]}" onto public org.springframework.http.ResponseEntity<?> org.academiadecodigo.javabank.controller.rest.RestAccountController.addAccount(java.lang.Integer,org.academiadecodigo.javabank.command.AccountDto,org.springframework.validation.BindingResult,org.springframework.web.util.UriComponentsBuilder)
05-Apr-2021 15:52:44.048 INFO [http-nio-8080-exec-19] org.springframework.web.servlet.mvc.method.annotation.RequestMappingHandlerMapping.register Mapped "{[/api/customer/{cid}/account/{aid}/close],methods=[GET]}" onto public org.springframework.http.ResponseEntity<?> org.academiadecodigo.javabank.controller.rest.RestAccountController.closeAccount(java.lang.Integer,java.lang.Integer)
05-Apr-2021 15:52:44.048 INFO [http-nio-8080-exec-19] org.springframework.web.servlet.mvc.method.annotation.RequestMappingHandlerMapping.register Mapped "{[/api/customer/{cid}/account],methods=[GET]}" onto public org.springframework.http.ResponseEntity<java.util.List<org.academiadecodigo.javabank.command.AccountDto>> org.academiadecodigo.javabank.controller.rest.RestAccountController.listCustomerAccounts(java.lang.Integer)
05-Apr-2021 15:52:44.048 INFO [http-nio-8080-exec-19] org.springframework.web.servlet.mvc.method.annotation.RequestMappingHandlerMapping.register Mapped "{[/api/customer/{cid}/account/{aid}],methods=[GET]}" onto public org.springframework.http.ResponseEntity<org.academiadecodigo.javabank.command.AccountDto> org.academiadecodigo.javabank.controller.rest.RestAccountController.showCustomerAccount(java.lang.Integer,java.lang.Integer)
05-Apr-2021 15:52:44.052 INFO [http-nio-8080-exec-19] org.springframework.web.servlet.mvc.method.annotation.RequestMappingHandlerMapping.register Mapped "{[/api/customer/ || /api/customer],methods=[GET]}" onto public org.springframework.http.ResponseEntity<java.util.List<org.academiadecodigo.javabank.command.CustomerDto>> org.academiadecodigo.javabank.controller.rest.RestCustomerController.listCustomers()
05-Apr-2021 15:52:44.052 INFO [http-nio-8080-exec-19] org.springframework.web.servlet.mvc.method.annotation.RequestMappingHandlerMapping.register Mapped "{[/api/customer/ || /api/customer],methods=[POST]}" onto public org.springframework.http.ResponseEntity<?> org.academiadecodigo.javabank.controller.rest.RestCustomerController.addCustomer(org.academiadecodigo.javabank.command.CustomerDto,org.springframework.validation.BindingResult,org.springframework.web.util.UriComponentsBuilder)
05-Apr-2021 15:52:44.052 INFO [http-nio-8080-exec-19] org.springframework.web.servlet.mvc.method.annotation.RequestMappingHandlerMapping.register Mapped "{[/api/customer/{id}],methods=[PUT]}" onto public org.springframework.http.ResponseEntity<org.academiadecodigo.javabank.command.CustomerDto> org.academiadecodigo.javabank.controller.rest.RestCustomerController.editCustomer(org.academiadecodigo.javabank.command.CustomerDto,org.springframework.validation.BindingResult,java.lang.Integer)
05-Apr-2021 15:52:44.053 INFO [http-nio-8080-exec-19] org.springframework.web.servlet.mvc.method.annotation.RequestMappingHandlerMapping.register Mapped "{[/api/customer/{id}],methods=[GET]}" onto public org.springframework.http.ResponseEntity<org.academiadecodigo.javabank.command.CustomerDto> org.academiadecodigo.javabank.controller.rest.RestCustomerController.showCustomer(java.lang.Integer)
05-Apr-2021 15:52:44.053 INFO [http-nio-8080-exec-19] org.springframework.web.servlet.mvc.method.annotation.RequestMappingHandlerMapping.register Mapped "{[/api/customer/{id}],methods=[DELETE]}" onto public org.springframework.http.ResponseEntity<org.academiadecodigo.javabank.command.CustomerDto> org.academiadecodigo.javabank.controller.rest.RestCustomerController.deleteCustomer(java.lang.Integer)
05-Apr-2021 15:52:44.054 INFO [http-nio-8080-exec-19] org.springframework.web.servlet.mvc.method.annotation.RequestMappingHandlerMapping.register Mapped "{[/api/ || /api],methods=[GET]}" onto protected org.academiadecodigo.javabank.controller.rest.RestIndexController$ApiVersion org.academiadecodigo.javabank.controller.rest.RestIndexController.showVersion()
05-Apr-2021 15:52:44.056 INFO [http-nio-8080-exec-19] org.springframework.web.servlet.mvc.method.annotation.RequestMappingHandlerMapping.register Mapped "{[/api/customer/{cid}/recipient],methods=[GET]}" onto public org.springframework.http.ResponseEntity<java.util.List<org.academiadecodigo.javabank.command.RecipientDto>> org.academiadecodigo.javabank.controller.rest.RestRecipientController.listRecipients(java.lang.Integer)
05-Apr-2021 15:52:44.057 INFO [http-nio-8080-exec-19] org.springframework.web.servlet.mvc.method.annotation.RequestMappingHandlerMapping.register Mapped "{[/api/customer/{cid}/recipient],methods=[POST]}" onto public org.springframework.http.ResponseEntity<?> org.academiadecodigo.javabank.controller.rest.RestRecipientController.addRecipient(java.lang.Integer,org.academiadecodigo.javabank.command.RecipientDto,org.springframework.validation.BindingResult,org.springframework.web.util.UriComponentsBuilder)
05-Apr-2021 15:52:44.057 INFO [http-nio-8080-exec-19] org.springframework.web.servlet.mvc.method.annotation.RequestMappingHandlerMapping.register Mapped "{[/api/customer/{cid}/recipient/{id}],methods=[PUT]}" onto public org.springframework.http.ResponseEntity<org.academiadecodigo.javabank.command.RecipientDto> org.academiadecodigo.javabank.controller.rest.RestRecipientController.editRecipient(java.lang.Integer,java.lang.Integer,org.academiadecodigo.javabank.command.RecipientDto,org.springframework.validation.BindingResult)
05-Apr-2021 15:52:44.057 INFO [http-nio-8080-exec-19] org.springframework.web.servlet.mvc.method.annotation.RequestMappingHandlerMapping.register Mapped "{[/api/customer/{cid}/recipient/{id}],methods=[DELETE]}" onto public org.springframework.http.ResponseEntity<?> org.academiadecodigo.javabank.controller.rest.RestRecipientController.deleteRecipient(java.lang.Integer,java.lang.Integer)
05-Apr-2021 15:52:44.058 INFO [http-nio-8080-exec-19] org.springframework.web.servlet.mvc.method.annotation.RequestMappingHandlerMapping.register Mapped "{[/api/customer/{cid}/recipient/{id}],methods=[GET]}" onto public org.springframework.http.ResponseEntity<org.academiadecodigo.javabank.command.RecipientDto> org.academiadecodigo.javabank.controller.rest.RestRecipientController.showRecipient(java.lang.Integer,java.lang.Integer)
05-Apr-2021 15:52:44.062 INFO [http-nio-8080-exec-19] org.springframework.web.servlet.mvc.method.annotation.RequestMappingHandlerMapping.register Mapped "{[/api/customer/{cid}/transfer],methods=[PUT]}" onto public org.springframework.http.ResponseEntity<org.academiadecodigo.javabank.command.TransferDto> org.academiadecodigo.javabank.controller.rest.RestTransactionController.transfer(java.lang.Integer,org.academiadecodigo.javabank.command.TransferDto,org.springframework.validation.BindingResult)
05-Apr-2021 15:52:44.062 INFO [http-nio-8080-exec-19] org.springframework.web.servlet.mvc.method.annotation.RequestMappingHandlerMapping.register Mapped "{[/api/customer/{cid}/deposit],methods=[PUT]}" onto public org.springframework.http.ResponseEntity<org.academiadecodigo.javabank.command.AccountTransactionDto> org.academiadecodigo.javabank.controller.rest.RestTransactionController.deposit(java.lang.Integer,org.academiadecodigo.javabank.command.AccountTransactionDto,org.springframework.validation.BindingResult)
05-Apr-2021 15:52:44.064 INFO [http-nio-8080-exec-19] org.springframework.web.servlet.mvc.method.annotation.RequestMappingHandlerMapping.register Mapped "{[/api/customer/{cid}/withdraw],methods=[PUT]}" onto public org.springframework.http.ResponseEntity<org.academiadecodigo.javabank.command.AccountTransactionDto> org.academiadecodigo.javabank.controller.rest.RestTransactionController.withdraw(java.lang.Integer,org.academiadecodigo.javabank.command.AccountTransactionDto,org.springframework.validation.BindingResult)
05-Apr-2021 15:52:44.066 INFO [http-nio-8080-exec-19] org.springframework.web.servlet.mvc.method.annotation.RequestMappingHandlerMapping.register Mapped "{[/customer/{cid}/deposit],methods=[POST]}" onto public java.lang.String org.academiadecodigo.javabank.controller.web.AccountController.deposit(java.lang.Integer,org.academiadecodigo.javabank.command.AccountTransactionDto,org.springframework.validation.BindingResult,org.springframework.web.servlet.mvc.support.RedirectAttributes) throws java.lang.Exception
05-Apr-2021 15:52:44.067 INFO [http-nio-8080-exec-19] org.springframework.web.servlet.mvc.method.annotation.RequestMappingHandlerMapping.register Mapped "{[/customer/{cid}/withdraw],methods=[POST]}" onto public java.lang.String org.academiadecodigo.javabank.controller.web.AccountController.withdraw(java.lang.Integer,org.academiadecodigo.javabank.command.AccountTransactionDto,org.springframework.validation.BindingResult,org.springframework.web.servlet.mvc.support.RedirectAttributes) throws java.lang.Exception
05-Apr-2021 15:52:44.067 INFO [http-nio-8080-exec-19] org.springframework.web.servlet.mvc.method.annotation.RequestMappingHandlerMapping.register Mapped "{[/customer/{cid}/account],methods=[POST]}" onto public java.lang.String org.academiadecodigo.javabank.controller.web.AccountController.addAccount(java.lang.Integer,org.academiadecodigo.javabank.command.AccountDto,org.springframework.validation.BindingResult,org.springframework.web.servlet.mvc.support.RedirectAttributes) throws java.lang.Exception
05-Apr-2021 15:52:44.067 INFO [http-nio-8080-exec-19] org.springframework.web.servlet.mvc.method.annotation.RequestMappingHandlerMapping.register Mapped "{[/customer/{cid}/account/{aid}/close],methods=[GET]}" onto public java.lang.String org.academiadecodigo.javabank.controller.web.AccountController.closeAccount(java.lang.Integer,java.lang.Integer,org.springframework.web.servlet.mvc.support.RedirectAttributes) throws java.lang.Exception
05-Apr-2021 15:52:44.067 INFO [http-nio-8080-exec-19] org.springframework.web.servlet.mvc.method.annotation.RequestMappingHandlerMapping.register Mapped "{[/customer/{cid}/transfer],methods=[POST]}" onto public java.lang.String org.academiadecodigo.javabank.controller.web.AccountController.transferToAccount(java.lang.Integer,org.academiadecodigo.javabank.command.TransferDto,org.springframework.validation.BindingResult,org.springframework.web.servlet.mvc.support.RedirectAttributes) throws java.lang.Exception
05-Apr-2021 15:52:44.071 INFO [http-nio-8080-exec-19] org.springframework.web.servlet.mvc.method.annotation.RequestMappingHandlerMapping.register Mapped "{[/customer/list || /customer/ || /customer],methods=[GET]}" onto public java.lang.String org.academiadecodigo.javabank.controller.web.CustomerController.listCustomers(org.springframework.ui.Model)
05-Apr-2021 15:52:44.071 INFO [http-nio-8080-exec-19] org.springframework.web.servlet.mvc.method.annotation.RequestMappingHandlerMapping.register Mapped "{[/customer/add],methods=[GET]}" onto public java.lang.String org.academiadecodigo.javabank.controller.web.CustomerController.addCustomer(org.springframework.ui.Model)
05-Apr-2021 15:52:44.072 INFO [http-nio-8080-exec-19] org.springframework.web.servlet.mvc.method.annotation.RequestMappingHandlerMapping.register Mapped "{[/customer/{id}/edit],methods=[GET]}" onto public java.lang.String org.academiadecodigo.javabank.controller.web.CustomerController.editCustomer(java.lang.Integer,org.springframework.ui.Model)
05-Apr-2021 15:52:44.072 INFO [http-nio-8080-exec-19] org.springframework.web.servlet.mvc.method.annotation.RequestMappingHandlerMapping.register Mapped "{[/customer/{id}],methods=[GET]}" onto public java.lang.String org.academiadecodigo.javabank.controller.web.CustomerController.showCustomer(java.lang.Integer,org.springframework.ui.Model) throws java.lang.Exception
05-Apr-2021 15:52:44.072 INFO [http-nio-8080-exec-19] org.springframework.web.servlet.mvc.method.annotation.RequestMappingHandlerMapping.register Mapped "{[/customer/ || /customer],methods=[POST],params=[action=save]}" onto public java.lang.String org.academiadecodigo.javabank.controller.web.CustomerController.saveCustomer(org.academiadecodigo.javabank.command.CustomerDto,org.springframework.validation.BindingResult,org.springframework.web.servlet.mvc.support.RedirectAttributes)
05-Apr-2021 15:52:44.072 INFO [http-nio-8080-exec-19] org.springframework.web.servlet.mvc.method.annotation.RequestMappingHandlerMapping.register Mapped "{[/customer/ || /customer],methods=[POST],params=[action=cancel]}" onto public java.lang.String org.academiadecodigo.javabank.controller.web.CustomerController.cancelSaveCustomer()
05-Apr-2021 15:52:44.072 INFO [http-nio-8080-exec-19] org.springframework.web.servlet.mvc.method.annotation.RequestMappingHandlerMapping.register Mapped "{[/customer/{id}/delete],methods=[GET]}" onto public java.lang.String org.academiadecodigo.javabank.controller.web.CustomerController.deleteCustomer(java.lang.Integer,org.springframework.web.servlet.mvc.support.RedirectAttributes) throws org.academiadecodigo.javabank.exceptions.AssociationExistsException,org.academiadecodigo.javabank.exceptions.CustomerNotFoundException
05-Apr-2021 15:52:44.073 INFO [http-nio-8080-exec-19] org.springframework.web.servlet.mvc.method.annotation.RequestMappingHandlerMapping.register Mapped "{[/]}" onto public java.lang.String org.academiadecodigo.javabank.controller.web.MainController.home()
05-Apr-2021 15:52:44.075 INFO [http-nio-8080-exec-19] org.springframework.web.servlet.mvc.method.annotation.RequestMappingHandlerMapping.register Mapped "{[/customer/{cid}/recipient/transfer],methods=[GET]}" onto public java.lang.String org.academiadecodigo.javabank.controller.web.RecipientController.transfer(java.lang.Integer,org.springframework.ui.Model)
05-Apr-2021 15:52:44.076 INFO [http-nio-8080-exec-19] org.springframework.web.servlet.mvc.method.annotation.RequestMappingHandlerMapping.register Mapped "{[/customer/{cid}/recipient || /customer/{cid}/recipient/list],methods=[GET]}" onto public java.lang.String org.academiadecodigo.javabank.controller.web.RecipientController.listRecipients(java.lang.Integer,org.springframework.ui.Model)
05-Apr-2021 15:52:44.076 INFO [http-nio-8080-exec-19] org.springframework.web.servlet.mvc.method.annotation.RequestMappingHandlerMapping.register Mapped "{[/customer/{cid}/recipient/add],methods=[GET]}" onto public java.lang.String org.academiadecodigo.javabank.controller.web.RecipientController.addRecipient(java.lang.Integer,org.springframework.ui.Model)
05-Apr-2021 15:52:44.077 INFO [http-nio-8080-exec-19] org.springframework.web.servlet.mvc.method.annotation.RequestMappingHandlerMapping.register Mapped "{[/customer/{cid}/recipient/{id}/edit],methods=[GET]}" onto public java.lang.String org.academiadecodigo.javabank.controller.web.RecipientController.editRecipient(java.lang.Integer,java.lang.Integer,org.springframework.ui.Model)
05-Apr-2021 15:52:44.077 INFO [http-nio-8080-exec-19] org.springframework.web.servlet.mvc.method.annotation.RequestMappingHandlerMapping.register Mapped "{[/customer/{cid}/recipient/ || /customer/{cid}/recipient],methods=[POST],params=[action=save]}" onto public java.lang.String org.academiadecodigo.javabank.controller.web.RecipientController.saveRecipient(org.springframework.ui.Model,java.lang.Integer,org.academiadecodigo.javabank.command.RecipientDto,org.springframework.validation.BindingResult,org.springframework.web.servlet.mvc.support.RedirectAttributes)
05-Apr-2021 15:52:44.077 INFO [http-nio-8080-exec-19] org.springframework.web.servlet.mvc.method.annotation.RequestMappingHandlerMapping.register Mapped "{[/customer/{cid}/recipient/ || /customer/{cid}/recipient],methods=[POST],params=[action=cancel]}" onto public java.lang.String org.academiadecodigo.javabank.controller.web.RecipientController.cancelSaveRecipient(java.lang.Integer)
05-Apr-2021 15:52:44.077 INFO [http-nio-8080-exec-19] org.springframework.web.servlet.mvc.method.annotation.RequestMappingHandlerMapping.register Mapped "{[/customer/{cid}/recipient/{id}/delete],methods=[GET]}" onto public java.lang.String org.academiadecodigo.javabank.controller.web.RecipientController.deleteRecipient(java.lang.Integer,java.lang.Integer,org.springframework.web.servlet.mvc.support.RedirectAttributes) throws java.lang.Exception
05-Apr-2021 15:52:44.078 INFO [http-nio-8080-exec-19] org.springframework.web.servlet.mvc.method.annotation.RequestMappingHandlerMapping.register Mapped "{[/customer/{cid}/recipient/transfer],methods=[POST]}" onto public java.lang.String org.academiadecodigo.javabank.controller.web.RecipientController.doTransfer(org.springframework.ui.Model,java.lang.Integer,org.academiadecodigo.javabank.command.TransferDto,org.springframework.validation.BindingResult,org.springframework.web.servlet.mvc.support.RedirectAttributes) throws java.lang.Exception
05-Apr-2021 15:52:44.286 INFO [http-nio-8080-exec-19] org.springframework.web.servlet.mvc.method.annotation.RequestMappingHandlerAdapter.initControllerAdviceCache Looking for @ControllerAdvice: WebApplicationContext for namespace 'dispatcherServlet-servlet': startup date [Mon Apr 05 15:52:41 AZOST 2021]; root of context hierarchy
05-Apr-2021 15:52:44.328 INFO [http-nio-8080-exec-19] org.springframework.web.servlet.mvc.method.annotation.RequestMappingHandlerAdapter.initControllerAdviceCache Looking for @ControllerAdvice: WebApplicationContext for namespace 'dispatcherServlet-servlet': startup date [Mon Apr 05 15:52:41 AZOST 2021]; root of context hierarchy
05-Apr-2021 15:52:44.349 INFO [http-nio-8080-exec-19] org.springframework.web.servlet.mvc.method.annotation.ExceptionHandlerExceptionResolver.initExceptionHandlerAdviceCache Detected @ExceptionHandler methods in globalControllerExceptionHandler
05-Apr-2021 15:52:44.555 INFO [http-nio-8080-exec-19] org.springframework.web.servlet.DispatcherServlet.initServletBean FrameworkServlet 'dispatcherServlet': initialization completed in 2836 ms
