01-Apr-2021 09:38:31.401 INFO [http-nio-8080-exec-2047] org.apache.catalina.startup.HostConfig.undeploy Undeploying context [/javabank4]
01-Apr-2021 09:38:31.432 INFO [http-nio-8080-exec-2047] org.springframework.web.context.support.XmlWebApplicationContext.doClose Closing WebApplicationContext for namespace 'dispatcherServlet-servlet': startup date [Wed Mar 31 18:56:16 AZOST 2021]; root of context hierarchy
01-Apr-2021 09:38:31.658 INFO [http-nio-8080-exec-2047] org.springframework.orm.jpa.LocalContainerEntityManagerFactoryBean.destroy Closing JPA EntityManagerFactory for persistence unit 'default'
01-Apr-2021 09:38:31.900 WARNING [http-nio-8080-exec-2047] org.apache.catalina.loader.WebappClassLoaderBase.clearReferencesJdbc The web application [javabank4] registered the JDBC driver [org.h2.Driver] but failed to unregister it when the web application was stopped. To prevent a memory leak, the JDBC Driver has been forcibly unregistered.
01-Apr-2021 09:38:31.901 WARNING [http-nio-8080-exec-2047] org.apache.catalina.loader.WebappClassLoaderBase.clearReferencesJdbc The web application [javabank4] registered the JDBC driver [com.mysql.cj.jdbc.Driver] but failed to unregister it when the web application was stopped. To prevent a memory leak, the JDBC Driver has been forcibly unregistered.
01-Apr-2021 09:38:31.906 WARNING [http-nio-8080-exec-2047] org.apache.catalina.loader.WebappClassLoaderBase.clearReferencesThreads The web application [javabank4] appears to have started a thread named [Abandoned connection cleanup thread] but has failed to stop it. This is very likely to create a memory leak. Stack trace of thread:
 java.base@14.0.2/java.lang.Object.wait(Native Method)
 java.base@14.0.2/java.lang.ref.ReferenceQueue.remove(ReferenceQueue.java:155)
 com.mysql.cj.jdbc.AbandonedConnectionCleanupThread.run(AbandonedConnectionCleanupThread.java:70)
 java.base@14.0.2/java.util.concurrent.ThreadPoolExecutor.runWorker(ThreadPoolExecutor.java:1130)
 java.base@14.0.2/java.util.concurrent.ThreadPoolExecutor$Worker.run(ThreadPoolExecutor.java:630)
 java.base@14.0.2/java.lang.Thread.run(Thread.java:832)
01-Apr-2021 09:38:32.146 INFO [http-nio-8080-exec-2047] org.apache.catalina.startup.HostConfig.deployWAR Deploying web application archive [/Users/codecadet/workspace/apache-tomcat-8.5.64/webapps/javabank4.war]
01-Apr-2021 09:38:35.263 INFO [Abandoned connection cleanup thread] org.apache.catalina.loader.WebappClassLoaderBase.checkStateForResourceLoading Illegal access: this web application instance has been stopped already. Could not load []. The following stack trace is thrown for debugging purposes as well as to attempt to terminate the thread which caused the illegal access.
	java.lang.IllegalStateException: Illegal access: this web application instance has been stopped already. Could not load []. The following stack trace is thrown for debugging purposes as well as to attempt to terminate the thread which caused the illegal access.
		at org.apache.catalina.loader.WebappClassLoaderBase.checkStateForResourceLoading(WebappClassLoaderBase.java:1392)
		at org.apache.catalina.loader.WebappClassLoaderBase.getResource(WebappClassLoaderBase.java:1045)
		at com.mysql.cj.jdbc.AbandonedConnectionCleanupThread.checkContextClassLoaders(AbandonedConnectionCleanupThread.java:96)
		at com.mysql.cj.jdbc.AbandonedConnectionCleanupThread.run(AbandonedConnectionCleanupThread.java:69)
		at java.base/java.util.concurrent.ThreadPoolExecutor.runWorker(ThreadPoolExecutor.java:1130)
		at java.base/java.util.concurrent.ThreadPoolExecutor$Worker.run(ThreadPoolExecutor.java:630)
		at java.base/java.lang.Thread.run(Thread.java:832)
01-Apr-2021 09:38:37.310 INFO [http-nio-8080-exec-2047] org.apache.jasper.servlet.TldScanner.scanJars At least one JAR was scanned for TLDs yet contained no TLDs. Enable debug logging for this logger for a complete list of JARs that were scanned but no TLDs were found in them. Skipping unneeded JARs during scanning can improve startup time and JSP compilation time.
01-Apr-2021 09:38:39.196 INFO [http-nio-8080-exec-2047] org.apache.catalina.startup.HostConfig.deployWAR Deployment of web application archive [/Users/codecadet/workspace/apache-tomcat-8.5.64/webapps/javabank4.war] has finished in [7,047] ms
01-Apr-2021 09:47:04.322 INFO [http-nio-8080-exec-2058] org.springframework.web.servlet.DispatcherServlet.initServletBean FrameworkServlet 'dispatcherServlet': initialization started
01-Apr-2021 09:47:04.366 INFO [http-nio-8080-exec-2058] org.springframework.web.context.support.XmlWebApplicationContext.prepareRefresh Refreshing WebApplicationContext for namespace 'dispatcherServlet-servlet': startup date [Thu Apr 01 09:47:04 AZOST 2021]; root of context hierarchy
01-Apr-2021 09:47:04.519 INFO [http-nio-8080-exec-2058] org.springframework.beans.factory.xml.XmlBeanDefinitionReader.loadBeanDefinitions Loading XML bean definitions from ServletContext resource [/WEB-INF/spring/spring-config.xml]
01-Apr-2021 09:47:04.971 INFO [http-nio-8080-exec-2058] org.springframework.beans.factory.xml.XmlBeanDefinitionReader.loadBeanDefinitions Loading XML bean definitions from ServletContext resource [/WEB-INF/spring/persistence.xml]
01-Apr-2021 09:47:04.976 INFO [http-nio-8080-exec-2058] org.springframework.beans.factory.xml.XmlBeanDefinitionReader.loadBeanDefinitions Loading XML bean definitions from ServletContext resource [/WEB-INF/spring/persistence/persistence-test.xml]
01-Apr-2021 09:47:04.982 INFO [http-nio-8080-exec-2058] org.springframework.beans.factory.xml.DefaultBeanDefinitionDocumentReader.doRegisterBeanDefinitions Skipped XML bean definition file due to specified profiles [test] not matching: ServletContext resource [/WEB-INF/spring/persistence/persistence-test.xml]
01-Apr-2021 09:47:04.983 INFO [http-nio-8080-exec-2058] org.springframework.beans.factory.xml.XmlBeanDefinitionReader.loadBeanDefinitions Loading XML bean definitions from ServletContext resource [/WEB-INF/spring/persistence/persistence-dev.xml]
01-Apr-2021 09:47:04.988 INFO [http-nio-8080-exec-2058] org.springframework.beans.factory.xml.XmlBeanDefinitionReader.loadBeanDefinitions Loading XML bean definitions from ServletContext resource [/WEB-INF/spring/persistence/persistence-prod.xml]
01-Apr-2021 09:47:04.991 INFO [http-nio-8080-exec-2058] org.springframework.beans.factory.xml.DefaultBeanDefinitionDocumentReader.doRegisterBeanDefinitions Skipped XML bean definition file due to specified profiles [prod] not matching: ServletContext resource [/WEB-INF/spring/persistence/persistence-prod.xml]
01-Apr-2021 09:47:05.012 INFO [http-nio-8080-exec-2058] org.springframework.beans.factory.xml.XmlBeanDefinitionReader.loadBeanDefinitions Loading XML bean definitions from ServletContext resource [/WEB-INF/spring/presentation.xml]
01-Apr-2021 09:47:05.812 INFO [http-nio-8080-exec-2058] org.springframework.jdbc.datasource.DriverManagerDataSource.setDriverClassName Loaded JDBC driver: org.h2.Driver
01-Apr-2021 09:47:05.963 INFO [http-nio-8080-exec-2058] org.springframework.orm.jpa.LocalContainerEntityManagerFactoryBean.createNativeEntityManagerFactory Building JPA container EntityManagerFactory for persistence unit 'default'
01-Apr-2021 09:47:10.543 INFO [http-nio-8080-exec-2058] org.springframework.orm.jpa.LocalContainerEntityManagerFactoryBean.buildNativeEntityManagerFactory Initialized JPA EntityManagerFactory for persistence unit 'default'
01-Apr-2021 09:47:10.741 INFO [http-nio-8080-exec-2058] org.springframework.web.servlet.handler.SimpleUrlHandlerMapping.registerHandler Mapped URL path [/**] onto handler 'org.springframework.web.servlet.resource.DefaultServletHttpRequestHandler#0'
01-Apr-2021 09:47:10.944 INFO [http-nio-8080-exec-2058] org.springframework.web.servlet.mvc.method.annotation.RequestMappingHandlerMapping.register Mapped "{[/customer/ || /customer],methods=[POST],params=[action=save]}" onto public java.lang.String org.academiadecodigo.javabank.controller.CustomerController.saveCustomer(org.academiadecodigo.javabank.command.CustomerDto,org.springframework.validation.BindingResult,org.springframework.web.servlet.mvc.support.RedirectAttributes) throws org.academiadecodigo.javabank.exceptions.CustomerNotFoundException
01-Apr-2021 09:47:10.945 INFO [http-nio-8080-exec-2058] org.springframework.web.servlet.mvc.method.annotation.RequestMappingHandlerMapping.register Mapped "{[/customer/ || /customer],methods=[POST],params=[action=cancel]}" onto public java.lang.String org.academiadecodigo.javabank.controller.CustomerController.cancelSaveCustomer()
01-Apr-2021 09:47:10.946 INFO [http-nio-8080-exec-2058] org.springframework.web.servlet.mvc.method.annotation.RequestMappingHandlerMapping.register Mapped "{[/customer/list || /customer/ || /customer],methods=[GET]}" onto public java.lang.String org.academiadecodigo.javabank.controller.CustomerController.listCustomers(org.springframework.ui.Model) throws org.academiadecodigo.javabank.exceptions.JavaBankException
01-Apr-2021 09:47:10.946 INFO [http-nio-8080-exec-2058] org.springframework.web.servlet.mvc.method.annotation.RequestMappingHandlerMapping.register Mapped "{[/customer/{id}/delete],methods=[GET]}" onto public java.lang.String org.academiadecodigo.javabank.controller.CustomerController.deleteCustomer(java.lang.Integer,org.springframework.web.servlet.mvc.support.RedirectAttributes) throws org.academiadecodigo.javabank.exceptions.CustomerNotFoundException,org.academiadecodigo.javabank.exceptions.AssociationExistsException
01-Apr-2021 09:47:10.946 INFO [http-nio-8080-exec-2058] org.springframework.web.servlet.mvc.method.annotation.RequestMappingHandlerMapping.register Mapped "{[/customer/add],methods=[GET]}" onto public java.lang.String org.academiadecodigo.javabank.controller.CustomerController.addCustomer(org.springframework.ui.Model)
01-Apr-2021 09:47:10.947 INFO [http-nio-8080-exec-2058] org.springframework.web.servlet.mvc.method.annotation.RequestMappingHandlerMapping.register Mapped "{[/customer/{id}],methods=[GET]}" onto public java.lang.String org.academiadecodigo.javabank.controller.CustomerController.showCustomer(java.lang.Integer,org.springframework.ui.Model) throws org.academiadecodigo.javabank.exceptions.JavaBankException
01-Apr-2021 09:47:10.947 INFO [http-nio-8080-exec-2058] org.springframework.web.servlet.mvc.method.annotation.RequestMappingHandlerMapping.register Mapped "{[/customer/{id}/edit],methods=[GET]}" onto public java.lang.String org.academiadecodigo.javabank.controller.CustomerController.editCustomer(java.lang.Integer,org.springframework.ui.Model) throws org.academiadecodigo.javabank.exceptions.CustomerNotFoundException
01-Apr-2021 09:47:10.948 INFO [http-nio-8080-exec-2058] org.springframework.web.servlet.mvc.method.annotation.RequestMappingHandlerMapping.register Mapped "{[/]}" onto public java.lang.String org.academiadecodigo.javabank.controller.MainController.home()
01-Apr-2021 09:47:10.952 INFO [http-nio-8080-exec-2058] org.springframework.web.servlet.mvc.method.annotation.RequestMappingHandlerMapping.register Mapped "{[/customer/{cid}/recipient/ || /customer/{cid}/recipient],methods=[POST],params=[action=save]}" onto public java.lang.String org.academiadecodigo.javabank.controller.RecipientController.saveRecipient(java.lang.Integer,org.academiadecodigo.javabank.command.RecipientDto,org.springframework.validation.BindingResult,org.springframework.web.servlet.mvc.support.RedirectAttributes,org.springframework.ui.Model) throws org.academiadecodigo.javabank.exceptions.CustomerNotFoundException,org.academiadecodigo.javabank.exceptions.RecipientNotFoundException
01-Apr-2021 09:47:10.952 INFO [http-nio-8080-exec-2058] org.springframework.web.servlet.mvc.method.annotation.RequestMappingHandlerMapping.register Mapped "{[/customer/{cid}/recipient/ || /customer/{cid}/recipient],methods=[POST],params=[action=cancel]}" onto public java.lang.String org.academiadecodigo.javabank.controller.RecipientController.cancelSaveRecipient(java.lang.Integer)
01-Apr-2021 09:47:10.952 INFO [http-nio-8080-exec-2058] org.springframework.web.servlet.mvc.method.annotation.RequestMappingHandlerMapping.register Mapped "{[/customer/{cid}/recipient/{id}/edit],methods=[GET]}" onto public java.lang.String org.academiadecodigo.javabank.controller.RecipientController.editRecipient(java.lang.Integer,java.lang.Integer,org.springframework.ui.Model) throws org.academiadecodigo.javabank.exceptions.CustomerNotFoundException,org.academiadecodigo.javabank.exceptions.RecipientNotFoundException
01-Apr-2021 09:47:10.953 INFO [http-nio-8080-exec-2058] org.springframework.web.servlet.mvc.method.annotation.RequestMappingHandlerMapping.register Mapped "{[/customer/{cid}/recipient/add],methods=[GET]}" onto public java.lang.String org.academiadecodigo.javabank.controller.RecipientController.addRecipient(java.lang.Integer,org.springframework.ui.Model) throws org.academiadecodigo.javabank.exceptions.CustomerNotFoundException
01-Apr-2021 09:47:10.953 INFO [http-nio-8080-exec-2058] org.springframework.web.servlet.mvc.method.annotation.RequestMappingHandlerMapping.register Mapped "{[/customer/{cid}/recipient/{id}/delete],methods=[GET]}" onto public java.lang.String org.academiadecodigo.javabank.controller.RecipientController.deleteRecipient(java.lang.Integer,java.lang.Integer,org.springframework.web.servlet.mvc.support.RedirectAttributes) throws org.academiadecodigo.javabank.exceptions.CustomerNotFoundException,org.academiadecodigo.javabank.exceptions.RecipientNotFoundException
01-Apr-2021 09:47:10.979 INFO [http-nio-8080-exec-2058] org.springframework.web.servlet.mvc.method.annotation.RequestMappingHandlerMapping.register Mapped "{[/api/customer/{cid}/account/{aid}],methods=[GET],produces=[application/json]}" onto public org.springframework.http.ResponseEntity<org.academiadecodigo.javabank.command.AccountDto> org.academiadecodigo.javabank.restcontroller.RestCustomerController.accountFromCustomer(java.lang.Integer,java.lang.Integer)
01-Apr-2021 09:47:10.980 INFO [http-nio-8080-exec-2058] org.springframework.web.servlet.mvc.method.annotation.RequestMappingHandlerMapping.register Mapped "{[/api/customer],methods=[GET],produces=[application/json]}" onto public org.springframework.http.ResponseEntity<java.util.List<org.academiadecodigo.javabank.command.CustomerDto>> org.academiadecodigo.javabank.restcontroller.RestCustomerController.readAllCustomers()
01-Apr-2021 09:47:10.980 INFO [http-nio-8080-exec-2058] org.springframework.web.servlet.mvc.method.annotation.RequestMappingHandlerMapping.register Mapped "{[/api/customer/{id}],methods=[DELETE],produces=[application/json]}" onto public org.springframework.http.ResponseEntity org.academiadecodigo.javabank.restcontroller.RestCustomerController.deleteCustomer(java.lang.Integer)
01-Apr-2021 09:47:10.980 INFO [http-nio-8080-exec-2058] org.springframework.web.servlet.mvc.method.annotation.RequestMappingHandlerMapping.register Mapped "{[/api/customer/{id}],methods=[GET],produces=[application/json]}" onto public org.springframework.http.ResponseEntity<org.academiadecodigo.javabank.command.CustomerDto> org.academiadecodigo.javabank.restcontroller.RestCustomerController.readCustomer(java.lang.Integer)
01-Apr-2021 09:47:10.980 INFO [http-nio-8080-exec-2058] org.springframework.web.servlet.mvc.method.annotation.RequestMappingHandlerMapping.register Mapped "{[/api/customer],methods=[POST],produces=[application/json]}" onto public org.springframework.http.ResponseEntity<org.academiadecodigo.javabank.command.CustomerDto> org.academiadecodigo.javabank.restcontroller.RestCustomerController.newCustomer(org.academiadecodigo.javabank.command.CustomerDto,org.springframework.validation.BindingResult)
01-Apr-2021 09:47:10.981 INFO [http-nio-8080-exec-2058] org.springframework.web.servlet.mvc.method.annotation.RequestMappingHandlerMapping.register Mapped "{[/api/customer/{id}/account],methods=[GET],produces=[application/json]}" onto public org.springframework.http.ResponseEntity<java.util.List<org.academiadecodigo.javabank.command.AccountDto>> org.academiadecodigo.javabank.restcontroller.RestCustomerController.accountsOfCustomer(java.lang.Integer)
01-Apr-2021 09:47:10.981 INFO [http-nio-8080-exec-2058] org.springframework.web.servlet.mvc.method.annotation.RequestMappingHandlerMapping.register Mapped "{[/api/customer/{id}],methods=[PUT],produces=[application/json]}" onto public org.springframework.http.ResponseEntity<org.academiadecodigo.javabank.command.CustomerDto> org.academiadecodigo.javabank.restcontroller.RestCustomerController.editCustomer(org.academiadecodigo.javabank.command.CustomerDto,org.springframework.validation.BindingResult,java.lang.Integer)
01-Apr-2021 09:47:11.643 INFO [http-nio-8080-exec-2058] org.springframework.web.servlet.mvc.method.annotation.RequestMappingHandlerAdapter.initControllerAdviceCache Looking for @ControllerAdvice: WebApplicationContext for namespace 'dispatcherServlet-servlet': startup date [Thu Apr 01 09:47:04 AZOST 2021]; root of context hierarchy
01-Apr-2021 09:47:11.784 INFO [http-nio-8080-exec-2058] org.springframework.web.servlet.mvc.method.annotation.RequestMappingHandlerAdapter.initControllerAdviceCache Looking for @ControllerAdvice: WebApplicationContext for namespace 'dispatcherServlet-servlet': startup date [Thu Apr 01 09:47:04 AZOST 2021]; root of context hierarchy
01-Apr-2021 09:47:11.842 INFO [http-nio-8080-exec-2058] org.springframework.web.servlet.mvc.method.annotation.ExceptionHandlerExceptionResolver.initExceptionHandlerAdviceCache Detected @ExceptionHandler methods in globalControllerExceptionHandler
01-Apr-2021 09:47:12.342 INFO [http-nio-8080-exec-2058] org.springframework.web.servlet.DispatcherServlet.initServletBean FrameworkServlet 'dispatcherServlet': initialization completed in 8018 ms
01-Apr-2021 21:27:38.495 INFO [Thread-3] org.apache.coyote.AbstractProtocol.pause Pausing ProtocolHandler ["http-nio-8080"]
01-Apr-2021 21:27:38.615 INFO [Thread-3] org.apache.catalina.core.StandardService.stopInternal Stopping service [Catalina]
01-Apr-2021 21:27:39.129 INFO [localhost-startStop-34] org.springframework.web.context.support.XmlWebApplicationContext.doClose Closing WebApplicationContext for namespace 'dispatcherServlet-servlet': startup date [Thu Apr 01 09:47:04 AZOST 2021]; root of context hierarchy
01-Apr-2021 21:27:39.275 INFO [localhost-startStop-34] org.springframework.orm.jpa.LocalContainerEntityManagerFactoryBean.destroy Closing JPA EntityManagerFactory for persistence unit 'default'
01-Apr-2021 21:27:39.423 WARNING [localhost-startStop-34] org.apache.catalina.loader.WebappClassLoaderBase.clearReferencesJdbc The web application [javabank4] registered the JDBC driver [org.h2.Driver] but failed to unregister it when the web application was stopped. To prevent a memory leak, the JDBC Driver has been forcibly unregistered.
01-Apr-2021 21:27:39.423 WARNING [localhost-startStop-34] org.apache.catalina.loader.WebappClassLoaderBase.clearReferencesJdbc The web application [javabank4] registered the JDBC driver [com.mysql.cj.jdbc.Driver] but failed to unregister it when the web application was stopped. To prevent a memory leak, the JDBC Driver has been forcibly unregistered.
01-Apr-2021 21:27:39.429 WARNING [localhost-startStop-34] org.apache.catalina.loader.WebappClassLoaderBase.clearReferencesThreads The web application [javabank4] appears to have started a thread named [Abandoned connection cleanup thread] but has failed to stop it. This is very likely to create a memory leak. Stack trace of thread:
 java.base@14.0.2/java.lang.Object.wait(Native Method)
 java.base@14.0.2/java.lang.ref.ReferenceQueue.remove(ReferenceQueue.java:155)
 com.mysql.cj.jdbc.AbandonedConnectionCleanupThread.run(AbandonedConnectionCleanupThread.java:70)
 java.base@14.0.2/java.util.concurrent.ThreadPoolExecutor.runWorker(ThreadPoolExecutor.java:1130)
 java.base@14.0.2/java.util.concurrent.ThreadPoolExecutor$Worker.run(ThreadPoolExecutor.java:630)
 java.base@14.0.2/java.lang.Thread.run(Thread.java:832)
01-Apr-2021 21:27:39.545 INFO [localhost-startStop-34] org.springframework.web.context.support.XmlWebApplicationContext.doClose Closing WebApplicationContext for namespace 'dispatcherServlet-servlet': startup date [Tue Mar 30 15:56:52 AZOST 2021]; root of context hierarchy
01-Apr-2021 21:27:39.610 INFO [localhost-startStop-34] org.springframework.orm.jpa.LocalContainerEntityManagerFactoryBean.destroy Closing JPA EntityManagerFactory for persistence unit 'default'
01-Apr-2021 21:27:39.639 WARNING [localhost-startStop-34] org.apache.catalina.loader.WebappClassLoaderBase.clearReferencesJdbc The web application [javabank2] registered the JDBC driver [org.h2.Driver] but failed to unregister it when the web application was stopped. To prevent a memory leak, the JDBC Driver has been forcibly unregistered.
01-Apr-2021 21:27:39.640 WARNING [localhost-startStop-34] org.apache.catalina.loader.WebappClassLoaderBase.clearReferencesJdbc The web application [javabank2] registered the JDBC driver [com.mysql.cj.jdbc.Driver] but failed to unregister it when the web application was stopped. To prevent a memory leak, the JDBC Driver has been forcibly unregistered.
01-Apr-2021 21:27:39.640 WARNING [localhost-startStop-34] org.apache.catalina.loader.WebappClassLoaderBase.clearReferencesThreads The web application [javabank2] appears to have started a thread named [Abandoned connection cleanup thread] but has failed to stop it. This is very likely to create a memory leak. Stack trace of thread:
 java.base@14.0.2/java.lang.Object.wait(Native Method)
 java.base@14.0.2/java.lang.ref.ReferenceQueue.remove(ReferenceQueue.java:155)
 com.mysql.cj.jdbc.AbandonedConnectionCleanupThread.run(AbandonedConnectionCleanupThread.java:70)
 java.base@14.0.2/java.util.concurrent.ThreadPoolExecutor.runWorker(ThreadPoolExecutor.java:1130)
 java.base@14.0.2/java.util.concurrent.ThreadPoolExecutor$Worker.run(ThreadPoolExecutor.java:630)
 java.base@14.0.2/java.lang.Thread.run(Thread.java:832)
01-Apr-2021 21:27:39.673 INFO [localhost-startStop-34] org.springframework.web.context.support.XmlWebApplicationContext.doClose Closing WebApplicationContext for namespace 'dispatcherServlet-servlet': startup date [Mon Mar 29 11:52:56 AZOST 2021]; root of context hierarchy
01-Apr-2021 21:27:39.722 INFO [localhost-startStop-34] org.springframework.orm.jpa.LocalContainerEntityManagerFactoryBean.destroy Closing JPA EntityManagerFactory for persistence unit 'default'
01-Apr-2021 21:27:39.769 WARNING [localhost-startStop-34] org.apache.catalina.loader.WebappClassLoaderBase.clearReferencesJdbc The web application [hello] registered the JDBC driver [com.mysql.cj.jdbc.Driver] but failed to unregister it when the web application was stopped. To prevent a memory leak, the JDBC Driver has been forcibly unregistered.
01-Apr-2021 21:27:39.770 WARNING [localhost-startStop-34] org.apache.catalina.loader.WebappClassLoaderBase.clearReferencesThreads The web application [hello] appears to have started a thread named [Abandoned connection cleanup thread] but has failed to stop it. This is very likely to create a memory leak. Stack trace of thread:
 java.base@14.0.2/java.lang.Object.wait(Native Method)
 java.base@14.0.2/java.lang.ref.ReferenceQueue.remove(ReferenceQueue.java:155)
 com.mysql.cj.jdbc.AbandonedConnectionCleanupThread.run(AbandonedConnectionCleanupThread.java:70)
 java.base@14.0.2/java.util.concurrent.ThreadPoolExecutor.runWorker(ThreadPoolExecutor.java:1130)
 java.base@14.0.2/java.util.concurrent.ThreadPoolExecutor$Worker.run(ThreadPoolExecutor.java:630)
 java.base@14.0.2/java.lang.Thread.run(Thread.java:832)
01-Apr-2021 21:27:39.781 WARNING [localhost-startStop-34] org.apache.catalina.loader.WebappClassLoaderBase.clearReferencesThreads The web application [hello] appears to have started a thread named [Resource Destroyer in BasicResourcePool.close()] but has failed to stop it. This is very likely to create a memory leak. Stack trace of thread:
 java.base@14.0.2/java.io.RandomAccessFile.readBytes(Native Method)
 java.base@14.0.2/java.io.RandomAccessFile.read(RandomAccessFile.java:408)
 java.base@14.0.2/java.io.RandomAccessFile.readFully(RandomAccessFile.java:472)
 java.base@14.0.2/java.util.zip.ZipFile$Source.readFullyAt(ZipFile.java:1239)
 java.base@14.0.2/java.util.zip.ZipFile$Source.findEND(ZipFile.java:1323)
 java.base@14.0.2/java.util.zip.ZipFile$Source.initCEN(ZipFile.java:1404)
 java.base@14.0.2/java.util.zip.ZipFile$Source.<init>(ZipFile.java:1209)
 java.base@14.0.2/java.util.zip.ZipFile$Source.get(ZipFile.java:1172)
 java.base@14.0.2/java.util.zip.ZipFile$CleanableResource.<init>(ZipFile.java:717)
 java.base@14.0.2/java.util.zip.ZipFile.<init>(ZipFile.java:237)
 java.base@14.0.2/java.util.zip.ZipFile.<init>(ZipFile.java:167)
 java.base@14.0.2/java.util.jar.JarFile.<init>(JarFile.java:347)
 java.base@14.0.2/jdk.internal.reflect.GeneratedConstructorAccessor9.newInstance(Unknown Source)
 java.base@14.0.2/jdk.internal.reflect.DelegatingConstructorAccessorImpl.newInstance(DelegatingConstructorAccessorImpl.java:45)
 java.base@14.0.2/java.lang.reflect.Constructor.newInstanceWithCaller(Constructor.java:500)
 java.base@14.0.2/java.lang.reflect.Constructor.newInstance(Constructor.java:481)
 org.apache.tomcat.util.compat.Jre9Compat.jarFileNewInstance(Jre9Compat.java:206)
 org.apache.tomcat.util.compat.JreCompat.jarFileNewInstance(JreCompat.java:187)
 org.apache.catalina.webresources.AbstractArchiveResourceSet.openJarFile(AbstractArchiveResourceSet.java:308)
 org.apache.catalina.webresources.AbstractSingleArchiveResourceSet.getArchiveEntry(AbstractSingleArchiveResourceSet.java:96)
 org.apache.catalina.webresources.AbstractArchiveResourceSet.getResource(AbstractArchiveResourceSet.java:257)
 org.apache.catalina.webresources.StandardRoot.getResourceInternal(StandardRoot.java:280)
 org.apache.catalina.webresources.Cache.getResource(Cache.java:62)
 org.apache.catalina.webresources.StandardRoot.getResource(StandardRoot.java:215)
 org.apache.catalina.webresources.StandardRoot.getClassLoaderResource(StandardRoot.java:224)
 org.apache.catalina.loader.WebappClassLoaderBase.findClassInternal(WebappClassLoaderBase.java:2322)
 org.apache.catalina.loader.WebappClassLoaderBase.findClass(WebappClassLoaderBase.java:870)
 org.apache.catalina.loader.WebappClassLoaderBase.loadClass(WebappClassLoaderBase.java:1341)
 org.apache.catalina.loader.WebappClassLoaderBase.loadClass(WebappClassLoaderBase.java:1195)
 com.mchange.v2.resourcepool.BasicResourcePool.destroyResource(BasicResourcePool.java:1092)
 com.mchange.v2.resourcepool.BasicResourcePool.destroyResource(BasicResourcePool.java:1062)
 com.mchange.v2.resourcepool.BasicResourcePool.access$100(BasicResourcePool.java:44)
 com.mchange.v2.resourcepool.BasicResourcePool$5.run(BasicResourcePool.java:1316)
01-Apr-2021 21:27:39.792 INFO [Resource Destroyer in BasicResourcePool.close()] org.apache.catalina.loader.WebappClassLoaderBase.checkStateForResourceLoading Illegal access: this web application instance has been stopped already. Could not load [com.mchange.v2.resourcepool.BasicResourcePool$1DestroyResourceTask]. The following stack trace is thrown for debugging purposes as well as to attempt to terminate the thread which caused the illegal access.
	java.lang.IllegalStateException: Illegal access: this web application instance has been stopped already. Could not load [com.mchange.v2.resourcepool.BasicResourcePool$1DestroyResourceTask]. The following stack trace is thrown for debugging purposes as well as to attempt to terminate the thread which caused the illegal access.
		at org.apache.catalina.loader.WebappClassLoaderBase.checkStateForResourceLoading(WebappClassLoaderBase.java:1392)
		at org.apache.catalina.loader.WebappClassLoaderBase.checkStateForClassLoading(WebappClassLoaderBase.java:1380)
		at org.apache.catalina.loader.WebappClassLoaderBase.loadClass(WebappClassLoaderBase.java:1233)
		at org.apache.catalina.loader.WebappClassLoaderBase.loadClass(WebappClassLoaderBase.java:1195)
		at com.mchange.v2.resourcepool.BasicResourcePool.destroyResource(BasicResourcePool.java:1092)
		at com.mchange.v2.resourcepool.BasicResourcePool.destroyResource(BasicResourcePool.java:1062)
		at com.mchange.v2.resourcepool.BasicResourcePool.access$100(BasicResourcePool.java:44)
		at com.mchange.v2.resourcepool.BasicResourcePool$5.run(BasicResourcePool.java:1316)
01-Apr-2021 21:27:39.795 INFO [Thread-3] org.apache.coyote.AbstractProtocol.stop Stopping ProtocolHandler ["http-nio-8080"]
01-Apr-2021 21:27:39.819 INFO [Thread-3] org.apache.coyote.AbstractProtocol.destroy Destroying ProtocolHandler ["http-nio-8080"]
