26-Mar-2021 11:12:38.416 INFO [http-nio-8080-exec-185] org.apache.catalina.core.ApplicationContext.log Manager: deploy: Deploying web application '/hello'
26-Mar-2021 11:12:38.417 INFO [http-nio-8080-exec-185] org.apache.catalina.core.ApplicationContext.log Manager: Uploading WAR file to /Users/codecadet/workspace/apache-tomcat-8.5.64/webapps/hello.war.tmp
26-Mar-2021 11:13:39.849 INFO [http-nio-8080-exec-189] org.apache.catalina.core.ApplicationContext.log Manager: deploy: Deploying web application '/hello'
26-Mar-2021 11:13:39.849 INFO [http-nio-8080-exec-189] org.apache.catalina.core.ApplicationContext.log Manager: Uploading WAR file to /Users/codecadet/workspace/apache-tomcat-8.5.64/webapps/hello.war.tmp
26-Mar-2021 11:16:17.505 INFO [http-nio-8080-exec-202] org.apache.catalina.core.ApplicationContext.log Manager: deploy: Deploying web application '/hello'
26-Mar-2021 11:16:17.506 INFO [http-nio-8080-exec-202] org.apache.catalina.core.ApplicationContext.log Manager: Uploading WAR file to /Users/codecadet/workspace/apache-tomcat-8.5.64/webapps/hello.war.tmp
26-Mar-2021 11:16:56.489 INFO [http-nio-8080-exec-201] org.apache.catalina.core.ApplicationContext.log Manager: deploy: Deploying web application '/hello'
26-Mar-2021 11:16:56.489 INFO [http-nio-8080-exec-201] org.apache.catalina.core.ApplicationContext.log Manager: Uploading WAR file to /Users/codecadet/workspace/apache-tomcat-8.5.64/webapps/hello.war.tmp
26-Mar-2021 11:18:11.757 INFO [http-nio-8080-exec-210] org.apache.catalina.core.ApplicationContext.log Manager: deploy: Deploying web application '/hello'
26-Mar-2021 11:18:11.757 INFO [http-nio-8080-exec-210] org.apache.catalina.core.ApplicationContext.log Manager: Uploading WAR file to /Users/codecadet/workspace/apache-tomcat-8.5.64/webapps/hello.war.tmp
26-Mar-2021 11:18:28.409 INFO [http-nio-8080-exec-212] org.apache.catalina.core.ApplicationContext.log Manager: deploy: Deploying web application '/hello'
26-Mar-2021 11:18:28.409 INFO [http-nio-8080-exec-212] org.apache.catalina.core.ApplicationContext.log Manager: Uploading WAR file to /Users/codecadet/workspace/apache-tomcat-8.5.64/webapps/hello.war.tmp
26-Mar-2021 11:56:39.953 INFO [http-nio-8080-exec-217] org.apache.catalina.core.ApplicationContext.log Manager: deploy: Deploying web application '/hello'
26-Mar-2021 11:56:39.953 INFO [http-nio-8080-exec-217] org.apache.catalina.core.ApplicationContext.log Manager: Uploading WAR file to /Users/codecadet/workspace/apache-tomcat-8.5.64/webapps/hello.war.tmp
26-Mar-2021 11:57:16.434 INFO [http-nio-8080-exec-221] org.apache.catalina.core.ApplicationContext.log HTMLManager: list: Listing contexts for virtual host 'localhost'
26-Mar-2021 12:10:25.779 INFO [http-nio-8080-exec-230] org.apache.catalina.core.ApplicationContext.log Manager: deploy: Deploying web application '/hello'
26-Mar-2021 12:10:25.779 INFO [http-nio-8080-exec-230] org.apache.catalina.core.ApplicationContext.log Manager: Uploading WAR file to /Users/codecadet/workspace/apache-tomcat-8.5.64/webapps/hello.war.tmp
26-Mar-2021 12:10:40.078 INFO [http-nio-8080-exec-233] org.apache.catalina.core.ApplicationContext.log HTMLManager: list: Listing contexts for virtual host 'localhost'
26-Mar-2021 12:11:47.408 INFO [http-nio-8080-exec-239] org.apache.catalina.core.ApplicationContext.log Manager: deploy: Deploying web application '/hello'
26-Mar-2021 12:11:47.408 INFO [http-nio-8080-exec-239] org.apache.catalina.core.ApplicationContext.log Manager: Uploading WAR file to /Users/codecadet/workspace/apache-tomcat-8.5.64/webapps/hello.war.tmp
26-Mar-2021 12:13:22.048 INFO [http-nio-8080-exec-246] org.apache.catalina.core.ApplicationContext.log Manager: deploy: Deploying web application '/hello'
26-Mar-2021 12:13:22.048 INFO [http-nio-8080-exec-246] org.apache.catalina.core.ApplicationContext.log Manager: Uploading WAR file to /Users/codecadet/workspace/apache-tomcat-8.5.64/webapps/hello.war.tmp
26-Mar-2021 12:14:27.808 INFO [http-nio-8080-exec-251] org.apache.catalina.core.ApplicationContext.log Manager: deploy: Deploying web application '/hello'
26-Mar-2021 12:14:27.808 INFO [http-nio-8080-exec-251] org.apache.catalina.core.ApplicationContext.log Manager: Uploading WAR file to /Users/codecadet/workspace/apache-tomcat-8.5.64/webapps/hello.war.tmp
26-Mar-2021 12:16:09.045 INFO [http-nio-8080-exec-256] org.apache.catalina.core.ApplicationContext.log Manager: undeploy: Undeploying web application at '/hello'
26-Mar-2021 12:16:51.475 INFO [http-nio-8080-exec-259] org.apache.catalina.core.ApplicationContext.log Manager: deploy: Deploying web application '/hello'
26-Mar-2021 12:16:51.475 INFO [http-nio-8080-exec-259] org.apache.catalina.core.ApplicationContext.log Manager: Uploading WAR file to /Users/codecadet/workspace/apache-tomcat-8.5.64/webapps/hello.war
26-Mar-2021 12:19:59.523 INFO [http-nio-8080-exec-265] org.apache.catalina.core.ApplicationContext.log Manager: undeploy: Undeploying web application at '/hello'
26-Mar-2021 12:20:24.248 INFO [http-nio-8080-exec-269] org.apache.catalina.core.ApplicationContext.log Manager: deploy: Deploying web application '/hello'
26-Mar-2021 12:20:24.248 INFO [http-nio-8080-exec-269] org.apache.catalina.core.ApplicationContext.log Manager: Uploading WAR file to /Users/codecadet/workspace/apache-tomcat-8.5.64/webapps/hello.war
26-Mar-2021 12:21:15.967 INFO [http-nio-8080-exec-273] org.apache.catalina.core.ApplicationContext.log Manager: deploy: Deploying web application '/hello'
26-Mar-2021 12:21:15.967 INFO [http-nio-8080-exec-273] org.apache.catalina.core.ApplicationContext.log Manager: Uploading WAR file to /Users/codecadet/workspace/apache-tomcat-8.5.64/webapps/hello.war.tmp
26-Mar-2021 12:22:32.304 INFO [http-nio-8080-exec-279] org.apache.catalina.core.ApplicationContext.log Manager: deploy: Deploying web application '/hello'
26-Mar-2021 12:22:32.305 INFO [http-nio-8080-exec-279] org.apache.catalina.core.ApplicationContext.log Manager: Uploading WAR file to /Users/codecadet/workspace/apache-tomcat-8.5.64/webapps/hello.war.tmp
26-Mar-2021 14:43:32.837 INFO [http-nio-8080-exec-285] org.apache.catalina.core.ApplicationContext.log Manager: deploy: Deploying web application '/hello'
26-Mar-2021 14:43:32.838 INFO [http-nio-8080-exec-285] org.apache.catalina.core.ApplicationContext.log Manager: Uploading WAR file to /Users/codecadet/workspace/apache-tomcat-8.5.64/webapps/hello.war.tmp
26-Mar-2021 14:44:57.655 INFO [http-nio-8080-exec-296] org.apache.catalina.core.ApplicationContext.log Manager: deploy: Deploying web application '/hello'
26-Mar-2021 14:44:57.655 INFO [http-nio-8080-exec-296] org.apache.catalina.core.ApplicationContext.log Manager: Uploading WAR file to /Users/codecadet/workspace/apache-tomcat-8.5.64/webapps/hello.war.tmp
26-Mar-2021 14:46:39.305 INFO [http-nio-8080-exec-302] org.apache.catalina.core.ApplicationContext.log Manager: deploy: Deploying web application '/hello'
26-Mar-2021 14:46:39.305 INFO [http-nio-8080-exec-302] org.apache.catalina.core.ApplicationContext.log Manager: Uploading WAR file to /Users/codecadet/workspace/apache-tomcat-8.5.64/webapps/hello.war.tmp
26-Mar-2021 15:04:27.576 INFO [http-nio-8080-exec-313] org.apache.catalina.core.ApplicationContext.log Manager: deploy: Deploying web application '/hello'
26-Mar-2021 15:04:27.576 INFO [http-nio-8080-exec-313] org.apache.catalina.core.ApplicationContext.log Manager: Uploading WAR file to /Users/codecadet/workspace/apache-tomcat-8.5.64/webapps/hello.war.tmp
26-Mar-2021 15:57:19.869 INFO [http-nio-8080-exec-321] org.apache.catalina.core.ApplicationContext.log Manager: deploy: Deploying web application '/hello'
26-Mar-2021 15:57:19.869 INFO [http-nio-8080-exec-321] org.apache.catalina.core.ApplicationContext.log Manager: Uploading WAR file to /Users/codecadet/workspace/apache-tomcat-8.5.64/webapps/hello.war.tmp
26-Mar-2021 15:59:55.742 INFO [http-nio-8080-exec-332] org.apache.catalina.core.ApplicationContext.log Manager: deploy: Deploying web application '/hello'
26-Mar-2021 15:59:55.743 INFO [http-nio-8080-exec-332] org.apache.catalina.core.ApplicationContext.log Manager: Uploading WAR file to /Users/codecadet/workspace/apache-tomcat-8.5.64/webapps/hello.war.tmp
26-Mar-2021 16:00:45.526 INFO [http-nio-8080-exec-334] org.apache.catalina.core.ApplicationContext.log Manager: deploy: Deploying web application '/hello'
26-Mar-2021 16:00:45.527 INFO [http-nio-8080-exec-334] org.apache.catalina.core.ApplicationContext.log Manager: Uploading WAR file to /Users/codecadet/workspace/apache-tomcat-8.5.64/webapps/hello.war.tmp
26-Mar-2021 16:02:20.789 INFO [http-nio-8080-exec-344] org.apache.catalina.core.ApplicationContext.log Manager: deploy: Deploying web application '/hello'
26-Mar-2021 16:02:20.791 INFO [http-nio-8080-exec-344] org.apache.catalina.core.ApplicationContext.log Manager: Uploading WAR file to /Users/codecadet/workspace/apache-tomcat-8.5.64/webapps/hello.war.tmp
26-Mar-2021 16:03:20.331 INFO [http-nio-8080-exec-348] org.apache.catalina.core.ApplicationContext.log Manager: deploy: Deploying web application '/hello'
26-Mar-2021 16:03:20.332 INFO [http-nio-8080-exec-348] org.apache.catalina.core.ApplicationContext.log Manager: Uploading WAR file to /Users/codecadet/workspace/apache-tomcat-8.5.64/webapps/hello.war.tmp
26-Mar-2021 16:04:41.544 INFO [http-nio-8080-exec-358] org.apache.catalina.core.ApplicationContext.log Manager: deploy: Deploying web application '/hello'
26-Mar-2021 16:04:41.545 INFO [http-nio-8080-exec-358] org.apache.catalina.core.ApplicationContext.log Manager: Uploading WAR file to /Users/codecadet/workspace/apache-tomcat-8.5.64/webapps/hello.war.tmp
26-Mar-2021 16:09:16.429 INFO [http-nio-8080-exec-364] org.apache.catalina.core.ApplicationContext.log Manager: deploy: Deploying web application '/hello'
26-Mar-2021 16:09:16.431 INFO [http-nio-8080-exec-364] org.apache.catalina.core.ApplicationContext.log Manager: Uploading WAR file to /Users/codecadet/workspace/apache-tomcat-8.5.64/webapps/hello.war.tmp
26-Mar-2021 16:10:39.259 INFO [http-nio-8080-exec-373] org.apache.catalina.core.ApplicationContext.log Manager: deploy: Deploying web application '/hello'
26-Mar-2021 16:10:39.261 INFO [http-nio-8080-exec-373] org.apache.catalina.core.ApplicationContext.log Manager: Uploading WAR file to /Users/codecadet/workspace/apache-tomcat-8.5.64/webapps/hello.war.tmp
26-Mar-2021 16:13:37.819 INFO [http-nio-8080-exec-385] org.apache.catalina.core.ApplicationContext.log Manager: deploy: Deploying web application '/hello'
26-Mar-2021 16:13:37.819 INFO [http-nio-8080-exec-385] org.apache.catalina.core.ApplicationContext.log Manager: Uploading WAR file to /Users/codecadet/workspace/apache-tomcat-8.5.64/webapps/hello.war.tmp
26-Mar-2021 16:20:06.733 INFO [http-nio-8080-exec-393] org.apache.catalina.core.ApplicationContext.log Manager: deploy: Deploying web application '/hello'
26-Mar-2021 16:20:06.733 INFO [http-nio-8080-exec-393] org.apache.catalina.core.ApplicationContext.log Manager: Uploading WAR file to /Users/codecadet/workspace/apache-tomcat-8.5.64/webapps/hello.war.tmp
26-Mar-2021 16:21:56.192 INFO [http-nio-8080-exec-399] org.apache.catalina.core.ApplicationContext.log Manager: deploy: Deploying web application '/hello'
26-Mar-2021 16:21:56.193 INFO [http-nio-8080-exec-399] org.apache.catalina.core.ApplicationContext.log Manager: Uploading WAR file to /Users/codecadet/workspace/apache-tomcat-8.5.64/webapps/hello.war.tmp
26-Mar-2021 16:23:25.700 INFO [http-nio-8080-exec-407] org.apache.catalina.core.ApplicationContext.log Manager: deploy: Deploying web application '/hello'
26-Mar-2021 16:23:25.700 INFO [http-nio-8080-exec-407] org.apache.catalina.core.ApplicationContext.log Manager: Uploading WAR file to /Users/codecadet/workspace/apache-tomcat-8.5.64/webapps/hello.war.tmp
26-Mar-2021 16:24:43.368 INFO [http-nio-8080-exec-417] org.apache.catalina.core.ApplicationContext.log Manager: deploy: Deploying web application '/hello'
26-Mar-2021 16:24:43.368 INFO [http-nio-8080-exec-417] org.apache.catalina.core.ApplicationContext.log Manager: Uploading WAR file to /Users/codecadet/workspace/apache-tomcat-8.5.64/webapps/hello.war.tmp
26-Mar-2021 16:29:10.531 INFO [http-nio-8080-exec-427] org.apache.catalina.core.ApplicationContext.log Manager: deploy: Deploying web application '/hello'
26-Mar-2021 16:29:10.532 INFO [http-nio-8080-exec-427] org.apache.catalina.core.ApplicationContext.log Manager: Uploading WAR file to /Users/codecadet/workspace/apache-tomcat-8.5.64/webapps/hello.war.tmp
26-Mar-2021 16:31:35.115 INFO [http-nio-8080-exec-433] org.apache.catalina.core.ApplicationContext.log Manager: deploy: Deploying web application '/hello'
26-Mar-2021 16:31:35.115 INFO [http-nio-8080-exec-433] org.apache.catalina.core.ApplicationContext.log Manager: Uploading WAR file to /Users/codecadet/workspace/apache-tomcat-8.5.64/webapps/hello.war.tmp
26-Mar-2021 16:33:26.241 INFO [http-nio-8080-exec-446] org.apache.catalina.core.ApplicationContext.log Manager: deploy: Deploying web application '/hello'
26-Mar-2021 16:33:26.241 INFO [http-nio-8080-exec-446] org.apache.catalina.core.ApplicationContext.log Manager: Uploading WAR file to /Users/codecadet/workspace/apache-tomcat-8.5.64/webapps/hello.war.tmp
26-Mar-2021 16:34:31.587 INFO [http-nio-8080-exec-452] org.apache.catalina.core.ApplicationContext.log Manager: deploy: Deploying web application '/hello'
26-Mar-2021 16:34:31.587 INFO [http-nio-8080-exec-452] org.apache.catalina.core.ApplicationContext.log Manager: Uploading WAR file to /Users/codecadet/workspace/apache-tomcat-8.5.64/webapps/hello.war.tmp
26-Mar-2021 16:35:46.471 INFO [http-nio-8080-exec-459] org.apache.catalina.core.ApplicationContext.log Manager: deploy: Deploying web application '/hello'
26-Mar-2021 16:35:46.476 INFO [http-nio-8080-exec-459] org.apache.catalina.core.ApplicationContext.log Manager: Uploading WAR file to /Users/codecadet/workspace/apache-tomcat-8.5.64/webapps/hello.war.tmp
26-Mar-2021 16:36:14.123 INFO [http-nio-8080-exec-455] org.apache.catalina.core.ApplicationContext.log Manager: deploy: Deploying web application '/hello'
26-Mar-2021 16:36:14.124 INFO [http-nio-8080-exec-455] org.apache.catalina.core.ApplicationContext.log Manager: Uploading WAR file to /Users/codecadet/workspace/apache-tomcat-8.5.64/webapps/hello.war.tmp
26-Mar-2021 16:41:49.875 INFO [http-nio-8080-exec-470] org.apache.catalina.core.ApplicationContext.log Manager: deploy: Deploying web application '/hello'
26-Mar-2021 16:41:49.876 INFO [http-nio-8080-exec-470] org.apache.catalina.core.ApplicationContext.log Manager: Uploading WAR file to /Users/codecadet/workspace/apache-tomcat-8.5.64/webapps/hello.war.tmp
26-Mar-2021 16:43:26.987 INFO [http-nio-8080-exec-480] org.apache.catalina.core.ApplicationContext.log Manager: deploy: Deploying web application '/hello'
26-Mar-2021 16:43:26.987 INFO [http-nio-8080-exec-480] org.apache.catalina.core.ApplicationContext.log Manager: Uploading WAR file to /Users/codecadet/workspace/apache-tomcat-8.5.64/webapps/hello.war.tmp
26-Mar-2021 16:45:05.906 INFO [http-nio-8080-exec-487] org.apache.catalina.core.ApplicationContext.log Manager: deploy: Deploying web application '/hello'
26-Mar-2021 16:45:05.907 INFO [http-nio-8080-exec-487] org.apache.catalina.core.ApplicationContext.log Manager: Uploading WAR file to /Users/codecadet/workspace/apache-tomcat-8.5.64/webapps/hello.war.tmp
26-Mar-2021 16:55:08.427 INFO [http-nio-8080-exec-494] org.apache.catalina.core.ApplicationContext.log Manager: deploy: Deploying web application '/hello'
26-Mar-2021 16:55:08.428 INFO [http-nio-8080-exec-494] org.apache.catalina.core.ApplicationContext.log Manager: Uploading WAR file to /Users/codecadet/workspace/apache-tomcat-8.5.64/webapps/hello.war.tmp
26-Mar-2021 17:13:39.155 INFO [http-nio-8080-exec-506] org.apache.catalina.core.ApplicationContext.log Manager: deploy: Deploying web application '/hello'
26-Mar-2021 17:13:39.157 INFO [http-nio-8080-exec-506] org.apache.catalina.core.ApplicationContext.log Manager: Uploading WAR file to /Users/codecadet/workspace/apache-tomcat-8.5.64/webapps/hello.war.tmp
26-Mar-2021 17:14:03.889 INFO [http-nio-8080-exec-511] org.apache.catalina.core.ApplicationContext.log Manager: deploy: Deploying web application '/hello'
26-Mar-2021 17:14:03.889 INFO [http-nio-8080-exec-511] org.apache.catalina.core.ApplicationContext.log Manager: Uploading WAR file to /Users/codecadet/workspace/apache-tomcat-8.5.64/webapps/hello.war.tmp
26-Mar-2021 17:15:11.155 INFO [http-nio-8080-exec-515] org.apache.catalina.core.ApplicationContext.log Manager: deploy: Deploying web application '/hello'
26-Mar-2021 17:15:11.155 INFO [http-nio-8080-exec-515] org.apache.catalina.core.ApplicationContext.log Manager: Uploading WAR file to /Users/codecadet/workspace/apache-tomcat-8.5.64/webapps/hello.war.tmp
26-Mar-2021 17:16:39.015 INFO [http-nio-8080-exec-520] org.apache.catalina.core.ApplicationContext.log Manager: deploy: Deploying web application '/hello'
26-Mar-2021 17:16:39.015 INFO [http-nio-8080-exec-520] org.apache.catalina.core.ApplicationContext.log Manager: Uploading WAR file to /Users/codecadet/workspace/apache-tomcat-8.5.64/webapps/hello.war.tmp
26-Mar-2021 17:17:24.301 INFO [http-nio-8080-exec-522] org.apache.catalina.core.ApplicationContext.log Manager: deploy: Deploying web application '/hello'
26-Mar-2021 17:17:24.301 INFO [http-nio-8080-exec-522] org.apache.catalina.core.ApplicationContext.log Manager: Uploading WAR file to /Users/codecadet/workspace/apache-tomcat-8.5.64/webapps/hello.war.tmp
26-Mar-2021 17:18:47.700 INFO [http-nio-8080-exec-533] org.apache.catalina.core.ApplicationContext.log Manager: deploy: Deploying web application '/hello'
26-Mar-2021 17:18:47.700 INFO [http-nio-8080-exec-533] org.apache.catalina.core.ApplicationContext.log Manager: Uploading WAR file to /Users/codecadet/workspace/apache-tomcat-8.5.64/webapps/hello.war.tmp
26-Mar-2021 17:19:35.763 INFO [http-nio-8080-exec-536] org.apache.catalina.core.ApplicationContext.log Manager: deploy: Deploying web application '/hello'
26-Mar-2021 17:19:35.764 INFO [http-nio-8080-exec-536] org.apache.catalina.core.ApplicationContext.log Manager: Uploading WAR file to /Users/codecadet/workspace/apache-tomcat-8.5.64/webapps/hello.war.tmp
26-Mar-2021 17:23:41.616 INFO [http-nio-8080-exec-542] org.apache.catalina.core.ApplicationContext.log Manager: deploy: Deploying web application '/hello'
26-Mar-2021 17:23:41.616 INFO [http-nio-8080-exec-542] org.apache.catalina.core.ApplicationContext.log Manager: Uploading WAR file to /Users/codecadet/workspace/apache-tomcat-8.5.64/webapps/hello.war.tmp
26-Mar-2021 17:25:23.648 INFO [http-nio-8080-exec-551] org.apache.catalina.core.ApplicationContext.log Manager: deploy: Deploying web application '/hello'
26-Mar-2021 17:25:23.648 INFO [http-nio-8080-exec-551] org.apache.catalina.core.ApplicationContext.log Manager: Uploading WAR file to /Users/codecadet/workspace/apache-tomcat-8.5.64/webapps/hello.war.tmp
26-Mar-2021 17:26:46.394 INFO [http-nio-8080-exec-559] org.apache.catalina.core.ApplicationContext.log Manager: deploy: Deploying web application '/hello'
26-Mar-2021 17:26:46.394 INFO [http-nio-8080-exec-559] org.apache.catalina.core.ApplicationContext.log Manager: Uploading WAR file to /Users/codecadet/workspace/apache-tomcat-8.5.64/webapps/hello.war.tmp
26-Mar-2021 17:27:48.315 INFO [http-nio-8080-exec-567] org.apache.catalina.core.ApplicationContext.log Manager: deploy: Deploying web application '/hello'
26-Mar-2021 17:27:48.315 INFO [http-nio-8080-exec-567] org.apache.catalina.core.ApplicationContext.log Manager: Uploading WAR file to /Users/codecadet/workspace/apache-tomcat-8.5.64/webapps/hello.war.tmp
26-Mar-2021 17:34:34.326 INFO [http-nio-8080-exec-574] org.apache.catalina.core.ApplicationContext.log Manager: deploy: Deploying web application '/hello'
26-Mar-2021 17:34:34.327 INFO [http-nio-8080-exec-574] org.apache.catalina.core.ApplicationContext.log Manager: Uploading WAR file to /Users/codecadet/workspace/apache-tomcat-8.5.64/webapps/hello.war.tmp
26-Mar-2021 17:36:54.623 INFO [http-nio-8080-exec-582] org.apache.catalina.core.ApplicationContext.log Manager: deploy: Deploying web application '/hello'
26-Mar-2021 17:36:54.623 INFO [http-nio-8080-exec-582] org.apache.catalina.core.ApplicationContext.log Manager: Uploading WAR file to /Users/codecadet/workspace/apache-tomcat-8.5.64/webapps/hello.war.tmp
26-Mar-2021 17:38:17.656 INFO [http-nio-8080-exec-591] org.apache.catalina.core.ApplicationContext.log Manager: deploy: Deploying web application '/hello'
26-Mar-2021 17:38:17.657 INFO [http-nio-8080-exec-591] org.apache.catalina.core.ApplicationContext.log Manager: Uploading WAR file to /Users/codecadet/workspace/apache-tomcat-8.5.64/webapps/hello.war.tmp
26-Mar-2021 17:44:28.742 INFO [http-nio-8080-exec-600] org.apache.catalina.core.ApplicationContext.log Manager: deploy: Deploying web application '/hello'
26-Mar-2021 17:44:28.743 INFO [http-nio-8080-exec-600] org.apache.catalina.core.ApplicationContext.log Manager: Uploading WAR file to /Users/codecadet/workspace/apache-tomcat-8.5.64/webapps/hello.war.tmp
26-Mar-2021 17:45:10.031 INFO [http-nio-8080-exec-601] org.apache.catalina.core.ApplicationContext.log Manager: deploy: Deploying web application '/hello'
26-Mar-2021 17:45:10.032 INFO [http-nio-8080-exec-601] org.apache.catalina.core.ApplicationContext.log Manager: Uploading WAR file to /Users/codecadet/workspace/apache-tomcat-8.5.64/webapps/hello.war.tmp
26-Mar-2021 17:46:22.803 INFO [http-nio-8080-exec-611] org.apache.catalina.core.ApplicationContext.log Manager: deploy: Deploying web application '/hello'
26-Mar-2021 17:46:22.804 INFO [http-nio-8080-exec-611] org.apache.catalina.core.ApplicationContext.log Manager: Uploading WAR file to /Users/codecadet/workspace/apache-tomcat-8.5.64/webapps/hello.war.tmp
26-Mar-2021 17:47:34.532 INFO [http-nio-8080-exec-617] org.apache.catalina.core.ApplicationContext.log Manager: deploy: Deploying web application '/hello'
26-Mar-2021 17:47:34.533 INFO [http-nio-8080-exec-617] org.apache.catalina.core.ApplicationContext.log Manager: Uploading WAR file to /Users/codecadet/workspace/apache-tomcat-8.5.64/webapps/hello.war.tmp
26-Mar-2021 17:48:45.464 INFO [http-nio-8080-exec-623] org.apache.catalina.core.ApplicationContext.log Manager: deploy: Deploying web application '/hello'
26-Mar-2021 17:48:45.464 INFO [http-nio-8080-exec-623] org.apache.catalina.core.ApplicationContext.log Manager: Uploading WAR file to /Users/codecadet/workspace/apache-tomcat-8.5.64/webapps/hello.war.tmp
26-Mar-2021 17:49:53.230 INFO [http-nio-8080-exec-630] org.apache.catalina.core.ApplicationContext.log Manager: deploy: Deploying web application '/hello'
26-Mar-2021 17:49:53.231 INFO [http-nio-8080-exec-630] org.apache.catalina.core.ApplicationContext.log Manager: Uploading WAR file to /Users/codecadet/workspace/apache-tomcat-8.5.64/webapps/hello.war.tmp
26-Mar-2021 17:55:46.480 INFO [http-nio-8080-exec-647] org.apache.catalina.core.ApplicationContext.log Manager: deploy: Deploying web application '/hello'
26-Mar-2021 17:55:46.481 INFO [http-nio-8080-exec-647] org.apache.catalina.core.ApplicationContext.log Manager: Uploading WAR file to /Users/codecadet/workspace/apache-tomcat-8.5.64/webapps/hello.war.tmp
26-Mar-2021 17:59:24.828 INFO [http-nio-8080-exec-652] org.apache.catalina.core.ApplicationContext.log Manager: deploy: Deploying web application '/hello'
26-Mar-2021 17:59:24.828 INFO [http-nio-8080-exec-652] org.apache.catalina.core.ApplicationContext.log Manager: Uploading WAR file to /Users/codecadet/workspace/apache-tomcat-8.5.64/webapps/hello.war.tmp
26-Mar-2021 18:02:18.666 INFO [http-nio-8080-exec-658] org.apache.catalina.core.ApplicationContext.log Manager: deploy: Deploying web application '/hello'
26-Mar-2021 18:02:18.667 INFO [http-nio-8080-exec-658] org.apache.catalina.core.ApplicationContext.log Manager: Uploading WAR file to /Users/codecadet/workspace/apache-tomcat-8.5.64/webapps/hello.war.tmp
26-Mar-2021 18:03:57.824 INFO [http-nio-8080-exec-666] org.apache.catalina.core.ApplicationContext.log Manager: deploy: Deploying web application '/hello'
26-Mar-2021 18:03:57.825 INFO [http-nio-8080-exec-666] org.apache.catalina.core.ApplicationContext.log Manager: Uploading WAR file to /Users/codecadet/workspace/apache-tomcat-8.5.64/webapps/hello.war.tmp
26-Mar-2021 18:04:47.750 INFO [http-nio-8080-exec-674] org.apache.catalina.core.ApplicationContext.log Manager: deploy: Deploying web application '/hello'
26-Mar-2021 18:04:47.750 INFO [http-nio-8080-exec-674] org.apache.catalina.core.ApplicationContext.log Manager: Uploading WAR file to /Users/codecadet/workspace/apache-tomcat-8.5.64/webapps/hello.war.tmp
26-Mar-2021 18:08:01.709 INFO [http-nio-8080-exec-681] org.apache.catalina.core.ApplicationContext.log Manager: deploy: Deploying web application '/hello'
26-Mar-2021 18:08:01.709 INFO [http-nio-8080-exec-681] org.apache.catalina.core.ApplicationContext.log Manager: Uploading WAR file to /Users/codecadet/workspace/apache-tomcat-8.5.64/webapps/hello.war.tmp
26-Mar-2021 18:10:42.675 INFO [http-nio-8080-exec-693] org.apache.catalina.core.ApplicationContext.log Manager: deploy: Deploying web application '/hello'
26-Mar-2021 18:10:42.676 INFO [http-nio-8080-exec-693] org.apache.catalina.core.ApplicationContext.log Manager: Uploading WAR file to /Users/codecadet/workspace/apache-tomcat-8.5.64/webapps/hello.war.tmp
26-Mar-2021 18:12:49.400 INFO [http-nio-8080-exec-707] org.apache.catalina.core.ApplicationContext.log Manager: deploy: Deploying web application '/hello'
26-Mar-2021 18:12:49.400 INFO [http-nio-8080-exec-707] org.apache.catalina.core.ApplicationContext.log Manager: Uploading WAR file to /Users/codecadet/workspace/apache-tomcat-8.5.64/webapps/hello.war.tmp
26-Mar-2021 18:13:45.601 INFO [http-nio-8080-exec-715] org.apache.catalina.core.ApplicationContext.log Manager: deploy: Deploying web application '/hello'
26-Mar-2021 18:13:45.602 INFO [http-nio-8080-exec-715] org.apache.catalina.core.ApplicationContext.log Manager: Uploading WAR file to /Users/codecadet/workspace/apache-tomcat-8.5.64/webapps/hello.war.tmp
26-Mar-2021 18:14:17.358 INFO [http-nio-8080-exec-711] org.apache.catalina.core.ApplicationContext.log Manager: deploy: Deploying web application '/hello'
26-Mar-2021 18:14:17.359 INFO [http-nio-8080-exec-711] org.apache.catalina.core.ApplicationContext.log Manager: Uploading WAR file to /Users/codecadet/workspace/apache-tomcat-8.5.64/webapps/hello.war.tmp
26-Mar-2021 18:15:46.128 INFO [http-nio-8080-exec-728] org.apache.catalina.core.ApplicationContext.log Manager: deploy: Deploying web application '/hello'
26-Mar-2021 18:15:46.129 INFO [http-nio-8080-exec-728] org.apache.catalina.core.ApplicationContext.log Manager: Uploading WAR file to /Users/codecadet/workspace/apache-tomcat-8.5.64/webapps/hello.war.tmp
26-Mar-2021 18:17:19.058 INFO [http-nio-8080-exec-735] org.apache.catalina.core.ApplicationContext.log Manager: deploy: Deploying web application '/hello'
26-Mar-2021 18:17:19.058 INFO [http-nio-8080-exec-735] org.apache.catalina.core.ApplicationContext.log Manager: Uploading WAR file to /Users/codecadet/workspace/apache-tomcat-8.5.64/webapps/hello.war.tmp
26-Mar-2021 18:18:46.859 INFO [http-nio-8080-exec-745] org.apache.catalina.core.ApplicationContext.log Manager: deploy: Deploying web application '/hello'
26-Mar-2021 18:18:46.859 INFO [http-nio-8080-exec-745] org.apache.catalina.core.ApplicationContext.log Manager: Uploading WAR file to /Users/codecadet/workspace/apache-tomcat-8.5.64/webapps/hello.war.tmp
26-Mar-2021 18:26:29.330 INFO [http-nio-8080-exec-759] org.apache.catalina.core.ApplicationContext.log Manager: deploy: Deploying web application '/hello'
26-Mar-2021 18:26:29.330 INFO [http-nio-8080-exec-759] org.apache.catalina.core.ApplicationContext.log Manager: Uploading WAR file to /Users/codecadet/workspace/apache-tomcat-8.5.64/webapps/hello.war.tmp
26-Mar-2021 18:27:58.661 INFO [http-nio-8080-exec-761] org.apache.catalina.core.ApplicationContext.log Manager: deploy: Deploying web application '/hello'
26-Mar-2021 18:27:58.662 INFO [http-nio-8080-exec-761] org.apache.catalina.core.ApplicationContext.log Manager: Uploading WAR file to /Users/codecadet/workspace/apache-tomcat-8.5.64/webapps/hello.war.tmp
26-Mar-2021 18:35:56.501 INFO [http-nio-8080-exec-780] org.apache.catalina.core.ApplicationContext.log Manager: deploy: Deploying web application '/hello'
26-Mar-2021 18:35:56.502 INFO [http-nio-8080-exec-780] org.apache.catalina.core.ApplicationContext.log Manager: Uploading WAR file to /Users/codecadet/workspace/apache-tomcat-8.5.64/webapps/hello.war.tmp
26-Mar-2021 18:37:19.203 INFO [http-nio-8080-exec-782] org.apache.catalina.core.ApplicationContext.log Manager: deploy: Deploying web application '/hello'
26-Mar-2021 18:37:19.205 INFO [http-nio-8080-exec-782] org.apache.catalina.core.ApplicationContext.log Manager: Uploading WAR file to /Users/codecadet/workspace/apache-tomcat-8.5.64/webapps/hello.war.tmp
26-Mar-2021 18:44:29.812 INFO [http-nio-8080-exec-795] org.apache.catalina.core.ApplicationContext.log Manager: deploy: Deploying web application '/hello'
26-Mar-2021 18:44:29.812 INFO [http-nio-8080-exec-795] org.apache.catalina.core.ApplicationContext.log Manager: Uploading WAR file to /Users/codecadet/workspace/apache-tomcat-8.5.64/webapps/hello.war.tmp
26-Mar-2021 18:47:19.564 INFO [http-nio-8080-exec-801] org.apache.catalina.core.ApplicationContext.log Manager: deploy: Deploying web application '/hello'
26-Mar-2021 18:47:19.565 INFO [http-nio-8080-exec-801] org.apache.catalina.core.ApplicationContext.log Manager: Uploading WAR file to /Users/codecadet/workspace/apache-tomcat-8.5.64/webapps/hello.war.tmp
26-Mar-2021 18:49:35.241 INFO [http-nio-8080-exec-811] org.apache.catalina.core.ApplicationContext.log Manager: deploy: Deploying web application '/hello'
26-Mar-2021 18:49:35.243 INFO [http-nio-8080-exec-811] org.apache.catalina.core.ApplicationContext.log Manager: Uploading WAR file to /Users/codecadet/workspace/apache-tomcat-8.5.64/webapps/hello.war.tmp
26-Mar-2021 19:04:27.060 INFO [http-nio-8080-exec-815] org.apache.catalina.core.ApplicationContext.log Manager: deploy: Deploying web application '/hello'
26-Mar-2021 19:04:27.060 INFO [http-nio-8080-exec-815] org.apache.catalina.core.ApplicationContext.log Manager: Uploading WAR file to /Users/codecadet/workspace/apache-tomcat-8.5.64/webapps/hello.war.tmp
26-Mar-2021 19:06:40.429 INFO [http-nio-8080-exec-823] org.apache.catalina.core.ApplicationContext.log Manager: deploy: Deploying web application '/hello'
26-Mar-2021 19:06:40.431 INFO [http-nio-8080-exec-823] org.apache.catalina.core.ApplicationContext.log Manager: Uploading WAR file to /Users/codecadet/workspace/apache-tomcat-8.5.64/webapps/hello.war.tmp
26-Mar-2021 19:12:20.581 INFO [http-nio-8080-exec-829] org.apache.catalina.core.ApplicationContext.log Manager: deploy: Deploying web application '/hello'
26-Mar-2021 19:12:20.581 INFO [http-nio-8080-exec-829] org.apache.catalina.core.ApplicationContext.log Manager: Uploading WAR file to /Users/codecadet/workspace/apache-tomcat-8.5.64/webapps/hello.war.tmp
26-Mar-2021 19:14:32.405 INFO [http-nio-8080-exec-841] org.apache.catalina.core.ApplicationContext.log Manager: deploy: Deploying web application '/hello'
26-Mar-2021 19:14:32.406 INFO [http-nio-8080-exec-841] org.apache.catalina.core.ApplicationContext.log Manager: Uploading WAR file to /Users/codecadet/workspace/apache-tomcat-8.5.64/webapps/hello.war.tmp
26-Mar-2021 19:17:28.638 INFO [http-nio-8080-exec-850] org.apache.catalina.core.ApplicationContext.log Manager: deploy: Deploying web application '/hello'
26-Mar-2021 19:17:28.639 INFO [http-nio-8080-exec-850] org.apache.catalina.core.ApplicationContext.log Manager: Uploading WAR file to /Users/codecadet/workspace/apache-tomcat-8.5.64/webapps/hello.war.tmp
26-Mar-2021 19:18:26.971 INFO [http-nio-8080-exec-855] org.apache.catalina.core.ApplicationContext.log Manager: deploy: Deploying web application '/hello'
26-Mar-2021 19:18:26.973 INFO [http-nio-8080-exec-855] org.apache.catalina.core.ApplicationContext.log Manager: Uploading WAR file to /Users/codecadet/workspace/apache-tomcat-8.5.64/webapps/hello.war.tmp
26-Mar-2021 19:19:17.033 INFO [http-nio-8080-exec-857] org.apache.catalina.core.ApplicationContext.log Manager: deploy: Deploying web application '/hello'
26-Mar-2021 19:19:17.033 INFO [http-nio-8080-exec-857] org.apache.catalina.core.ApplicationContext.log Manager: Uploading WAR file to /Users/codecadet/workspace/apache-tomcat-8.5.64/webapps/hello.war.tmp
