29-Mar-2021 09:44:22.811 INFO [http-nio-8080-exec-870] org.apache.catalina.core.ApplicationContext.log Manager: deploy: Deploying web application '/hello'
29-Mar-2021 09:44:22.812 INFO [http-nio-8080-exec-870] org.apache.catalina.core.ApplicationContext.log Manager: Uploading WAR file to /Users/codecadet/workspace/apache-tomcat-8.5.64/webapps/hello.war.tmp
29-Mar-2021 09:45:12.509 INFO [http-nio-8080-exec-874] org.apache.catalina.core.ApplicationContext.log Manager: deploy: Deploying web application '/hello'
29-Mar-2021 09:45:12.509 INFO [http-nio-8080-exec-874] org.apache.catalina.core.ApplicationContext.log Manager: Uploading WAR file to /Users/codecadet/workspace/apache-tomcat-8.5.64/webapps/hello.war.tmp
29-Mar-2021 09:59:55.212 INFO [http-nio-8080-exec-882] org.apache.catalina.core.ApplicationContext.log Manager: deploy: Deploying web application '/hello'
29-Mar-2021 09:59:55.212 INFO [http-nio-8080-exec-882] org.apache.catalina.core.ApplicationContext.log Manager: Uploading WAR file to /Users/codecadet/workspace/apache-tomcat-8.5.64/webapps/hello.war.tmp
29-Mar-2021 10:16:54.025 INFO [http-nio-8080-exec-890] org.apache.catalina.core.ApplicationContext.log Manager: deploy: Deploying web application '/hello'
29-Mar-2021 10:16:54.025 INFO [http-nio-8080-exec-890] org.apache.catalina.core.ApplicationContext.log Manager: Uploading WAR file to /Users/codecadet/workspace/apache-tomcat-8.5.64/webapps/hello.war.tmp
29-Mar-2021 10:19:57.880 INFO [http-nio-8080-exec-896] org.apache.catalina.core.ApplicationContext.log Manager: deploy: Deploying web application '/hello'
29-Mar-2021 10:19:57.881 INFO [http-nio-8080-exec-896] org.apache.catalina.core.ApplicationContext.log Manager: Uploading WAR file to /Users/codecadet/workspace/apache-tomcat-8.5.64/webapps/hello.war.tmp
29-Mar-2021 10:22:51.846 INFO [http-nio-8080-exec-906] org.apache.catalina.core.ApplicationContext.log Manager: deploy: Deploying web application '/hello'
29-Mar-2021 10:22:51.846 INFO [http-nio-8080-exec-906] org.apache.catalina.core.ApplicationContext.log Manager: Uploading WAR file to /Users/codecadet/workspace/apache-tomcat-8.5.64/webapps/hello.war.tmp
29-Mar-2021 10:26:45.902 INFO [http-nio-8080-exec-913] org.apache.catalina.core.ApplicationContext.log Manager: deploy: Deploying web application '/hello'
29-Mar-2021 10:26:45.902 INFO [http-nio-8080-exec-913] org.apache.catalina.core.ApplicationContext.log Manager: Uploading WAR file to /Users/codecadet/workspace/apache-tomcat-8.5.64/webapps/hello.war.tmp
29-Mar-2021 10:36:59.885 INFO [http-nio-8080-exec-921] org.apache.catalina.core.ApplicationContext.log Manager: deploy: Deploying web application '/hello'
29-Mar-2021 10:36:59.886 INFO [http-nio-8080-exec-921] org.apache.catalina.core.ApplicationContext.log Manager: Uploading WAR file to /Users/codecadet/workspace/apache-tomcat-8.5.64/webapps/hello.war.tmp
29-Mar-2021 10:38:45.451 INFO [http-nio-8080-exec-930] org.apache.catalina.core.ApplicationContext.log Manager: deploy: Deploying web application '/hello'
29-Mar-2021 10:38:45.451 INFO [http-nio-8080-exec-930] org.apache.catalina.core.ApplicationContext.log Manager: Uploading WAR file to /Users/codecadet/workspace/apache-tomcat-8.5.64/webapps/hello.war.tmp
29-Mar-2021 10:40:41.210 INFO [http-nio-8080-exec-936] org.apache.catalina.core.ApplicationContext.log Manager: deploy: Deploying web application '/hello'
29-Mar-2021 10:40:41.211 INFO [http-nio-8080-exec-936] org.apache.catalina.core.ApplicationContext.log Manager: Uploading WAR file to /Users/codecadet/workspace/apache-tomcat-8.5.64/webapps/hello.war.tmp
29-Mar-2021 10:42:01.752 INFO [http-nio-8080-exec-943] org.apache.catalina.core.ApplicationContext.log Manager: deploy: Deploying web application '/hello'
29-Mar-2021 10:42:01.752 INFO [http-nio-8080-exec-943] org.apache.catalina.core.ApplicationContext.log Manager: Uploading WAR file to /Users/codecadet/workspace/apache-tomcat-8.5.64/webapps/hello.war.tmp
29-Mar-2021 11:19:07.854 INFO [http-nio-8080-exec-949] org.apache.catalina.core.ApplicationContext.log Manager: deploy: Deploying web application '/hello'
29-Mar-2021 11:19:07.855 INFO [http-nio-8080-exec-949] org.apache.catalina.core.ApplicationContext.log Manager: Uploading WAR file to /Users/codecadet/workspace/apache-tomcat-8.5.64/webapps/hello.war.tmp
29-Mar-2021 11:21:56.114 INFO [http-nio-8080-exec-959] org.apache.catalina.core.ApplicationContext.log Manager: deploy: Deploying web application '/hello'
29-Mar-2021 11:21:56.114 INFO [http-nio-8080-exec-959] org.apache.catalina.core.ApplicationContext.log Manager: Uploading WAR file to /Users/codecadet/workspace/apache-tomcat-8.5.64/webapps/hello.war.tmp
29-Mar-2021 11:25:19.422 INFO [http-nio-8080-exec-969] org.apache.catalina.core.ApplicationContext.log Manager: deploy: Deploying web application '/hello'
29-Mar-2021 11:25:19.422 INFO [http-nio-8080-exec-969] org.apache.catalina.core.ApplicationContext.log Manager: Uploading WAR file to /Users/codecadet/workspace/apache-tomcat-8.5.64/webapps/hello.war.tmp
29-Mar-2021 11:33:00.731 INFO [http-nio-8080-exec-988] org.apache.catalina.core.ApplicationContext.log Manager: deploy: Deploying web application '/hello'
29-Mar-2021 11:33:00.731 INFO [http-nio-8080-exec-988] org.apache.catalina.core.ApplicationContext.log Manager: Uploading WAR file to /Users/codecadet/workspace/apache-tomcat-8.5.64/webapps/hello.war.tmp
29-Mar-2021 11:36:56.195 INFO [http-nio-8080-exec-989] org.apache.catalina.core.ApplicationContext.log Manager: deploy: Deploying web application '/hello'
29-Mar-2021 11:36:56.196 INFO [http-nio-8080-exec-989] org.apache.catalina.core.ApplicationContext.log Manager: Uploading WAR file to /Users/codecadet/workspace/apache-tomcat-8.5.64/webapps/hello.war.tmp
29-Mar-2021 11:52:31.909 INFO [http-nio-8080-exec-998] org.apache.catalina.core.ApplicationContext.log Manager: deploy: Deploying web application '/hello'
29-Mar-2021 11:52:31.910 INFO [http-nio-8080-exec-998] org.apache.catalina.core.ApplicationContext.log Manager: Uploading WAR file to /Users/codecadet/workspace/apache-tomcat-8.5.64/webapps/hello.war.tmp
29-Mar-2021 12:05:45.797 INFO [http-nio-8080-exec-1015] org.apache.catalina.core.ApplicationContext.log HTMLManager: list: Listing contexts for virtual host 'localhost'
29-Mar-2021 12:05:51.729 INFO [http-nio-8080-exec-1008] org.apache.catalina.core.ApplicationContext.log HTMLManager: list: Listing contexts for virtual host 'localhost'
29-Mar-2021 12:05:56.913 INFO [http-nio-8080-exec-1013] org.apache.catalina.core.ApplicationContext.log HTMLManager: list: Listing contexts for virtual host 'localhost'
29-Mar-2021 12:07:41.474 INFO [http-nio-8080-exec-1013] org.apache.catalina.core.ApplicationContext.log HTMLManager: list: Listing contexts for virtual host 'localhost'
29-Mar-2021 12:07:43.138 INFO [http-nio-8080-exec-1016] org.apache.catalina.core.ApplicationContext.log HTMLManager: list: Listing contexts for virtual host 'localhost'
29-Mar-2021 12:07:56.374 INFO [http-nio-8080-exec-1009] org.apache.catalina.core.ApplicationContext.log Manager: deploy: Deploying web application '/javabank2'
29-Mar-2021 12:07:56.374 INFO [http-nio-8080-exec-1009] org.apache.catalina.core.ApplicationContext.log Manager: Uploading WAR file to /Users/codecadet/workspace/apache-tomcat-8.5.64/webapps/javabank2.war.tmp
29-Mar-2021 12:07:58.025 INFO [http-nio-8080-exec-1015] org.apache.catalina.core.ApplicationContext.log HTMLManager: list: Listing contexts for virtual host 'localhost'
29-Mar-2021 12:17:08.357 INFO [http-nio-8080-exec-1010] org.apache.catalina.core.ApplicationContext.log Manager: deploy: Deploying web application '/javabank2'
29-Mar-2021 12:17:08.357 INFO [http-nio-8080-exec-1010] org.apache.catalina.core.ApplicationContext.log Manager: Uploading WAR file to /Users/codecadet/workspace/apache-tomcat-8.5.64/webapps/javabank2.war.tmp
29-Mar-2021 12:18:38.457 INFO [http-nio-8080-exec-1019] org.apache.catalina.core.ApplicationContext.log Manager: deploy: Deploying web application '/javabank2'
29-Mar-2021 12:18:38.457 INFO [http-nio-8080-exec-1019] org.apache.catalina.core.ApplicationContext.log Manager: Uploading WAR file to /Users/codecadet/workspace/apache-tomcat-8.5.64/webapps/javabank2.war.tmp
29-Mar-2021 12:19:02.887 INFO [http-nio-8080-exec-1021] org.apache.catalina.core.ApplicationContext.log Manager: deploy: Deploying web application '/javabank2'
29-Mar-2021 12:19:02.887 INFO [http-nio-8080-exec-1021] org.apache.catalina.core.ApplicationContext.log Manager: Uploading WAR file to /Users/codecadet/workspace/apache-tomcat-8.5.64/webapps/javabank2.war.tmp
29-Mar-2021 12:22:42.391 INFO [http-nio-8080-exec-1029] org.apache.catalina.core.ApplicationContext.log Manager: deploy: Deploying web application '/javabank2'
29-Mar-2021 12:22:42.391 INFO [http-nio-8080-exec-1029] org.apache.catalina.core.ApplicationContext.log Manager: Uploading WAR file to /Users/codecadet/workspace/apache-tomcat-8.5.64/webapps/javabank2.war.tmp
29-Mar-2021 12:31:34.980 INFO [http-nio-8080-exec-1038] org.apache.catalina.core.ApplicationContext.log Manager: deploy: Deploying web application '/javabank2'
29-Mar-2021 12:31:34.981 INFO [http-nio-8080-exec-1038] org.apache.catalina.core.ApplicationContext.log Manager: Uploading WAR file to /Users/codecadet/workspace/apache-tomcat-8.5.64/webapps/javabank2.war.tmp
29-Mar-2021 12:33:20.059 INFO [http-nio-8080-exec-1051] org.apache.catalina.core.ApplicationContext.log Manager: deploy: Deploying web application '/javabank2'
29-Mar-2021 12:33:20.060 INFO [http-nio-8080-exec-1051] org.apache.catalina.core.ApplicationContext.log Manager: Uploading WAR file to /Users/codecadet/workspace/apache-tomcat-8.5.64/webapps/javabank2.war.tmp
29-Mar-2021 14:26:08.951 INFO [http-nio-8080-exec-1058] org.apache.catalina.core.ApplicationContext.log Manager: deploy: Deploying web application '/javabank2'
29-Mar-2021 14:26:08.952 INFO [http-nio-8080-exec-1058] org.apache.catalina.core.ApplicationContext.log Manager: Uploading WAR file to /Users/codecadet/workspace/apache-tomcat-8.5.64/webapps/javabank2.war.tmp
29-Mar-2021 14:29:11.574 INFO [http-nio-8080-exec-1066] org.apache.catalina.core.ApplicationContext.log Manager: deploy: Deploying web application '/javabank2'
29-Mar-2021 14:29:11.574 INFO [http-nio-8080-exec-1066] org.apache.catalina.core.ApplicationContext.log Manager: Uploading WAR file to /Users/codecadet/workspace/apache-tomcat-8.5.64/webapps/javabank2.war.tmp
29-Mar-2021 14:34:22.870 INFO [http-nio-8080-exec-1076] org.apache.catalina.core.ApplicationContext.log Manager: deploy: Deploying web application '/javabank2'
29-Mar-2021 14:34:22.870 INFO [http-nio-8080-exec-1076] org.apache.catalina.core.ApplicationContext.log Manager: Uploading WAR file to /Users/codecadet/workspace/apache-tomcat-8.5.64/webapps/javabank2.war.tmp
29-Mar-2021 14:40:54.142 INFO [http-nio-8080-exec-1086] org.apache.catalina.core.ApplicationContext.log Manager: deploy: Deploying web application '/javabank2'
29-Mar-2021 14:40:54.142 INFO [http-nio-8080-exec-1086] org.apache.catalina.core.ApplicationContext.log Manager: Uploading WAR file to /Users/codecadet/workspace/apache-tomcat-8.5.64/webapps/javabank2.war.tmp
29-Mar-2021 14:57:35.606 INFO [http-nio-8080-exec-1100] org.apache.catalina.core.ApplicationContext.log Manager: deploy: Deploying web application '/javabank2'
29-Mar-2021 14:57:35.607 INFO [http-nio-8080-exec-1100] org.apache.catalina.core.ApplicationContext.log Manager: Uploading WAR file to /Users/codecadet/workspace/apache-tomcat-8.5.64/webapps/javabank2.war.tmp
29-Mar-2021 15:00:43.667 INFO [http-nio-8080-exec-1113] org.apache.catalina.core.ApplicationContext.log Manager: deploy: Deploying web application '/javabank2'
29-Mar-2021 15:00:43.667 INFO [http-nio-8080-exec-1113] org.apache.catalina.core.ApplicationContext.log Manager: Uploading WAR file to /Users/codecadet/workspace/apache-tomcat-8.5.64/webapps/javabank2.war.tmp
29-Mar-2021 15:04:00.137 INFO [http-nio-8080-exec-1115] org.apache.catalina.core.ApplicationContext.log Manager: deploy: Deploying web application '/javabank2'
29-Mar-2021 15:04:00.138 INFO [http-nio-8080-exec-1115] org.apache.catalina.core.ApplicationContext.log Manager: Uploading WAR file to /Users/codecadet/workspace/apache-tomcat-8.5.64/webapps/javabank2.war.tmp
29-Mar-2021 15:08:14.335 INFO [http-nio-8080-exec-1131] org.apache.catalina.core.ApplicationContext.log Manager: deploy: Deploying web application '/javabank2'
29-Mar-2021 15:08:14.335 INFO [http-nio-8080-exec-1131] org.apache.catalina.core.ApplicationContext.log Manager: Uploading WAR file to /Users/codecadet/workspace/apache-tomcat-8.5.64/webapps/javabank2.war.tmp
29-Mar-2021 15:12:03.118 INFO [http-nio-8080-exec-1138] org.apache.catalina.core.ApplicationContext.log Manager: deploy: Deploying web application '/javabank2'
29-Mar-2021 15:12:03.118 INFO [http-nio-8080-exec-1138] org.apache.catalina.core.ApplicationContext.log Manager: Uploading WAR file to /Users/codecadet/workspace/apache-tomcat-8.5.64/webapps/javabank2.war.tmp
29-Mar-2021 15:29:46.210 INFO [http-nio-8080-exec-1145] org.apache.catalina.core.ApplicationContext.log Manager: deploy: Deploying web application '/javabank2'
29-Mar-2021 15:29:46.210 INFO [http-nio-8080-exec-1145] org.apache.catalina.core.ApplicationContext.log Manager: Uploading WAR file to /Users/codecadet/workspace/apache-tomcat-8.5.64/webapps/javabank2.war.tmp
29-Mar-2021 15:32:44.569 INFO [http-nio-8080-exec-1157] org.apache.catalina.core.ApplicationContext.log Manager: deploy: Deploying web application '/javabank2'
29-Mar-2021 15:32:44.570 INFO [http-nio-8080-exec-1157] org.apache.catalina.core.ApplicationContext.log Manager: Uploading WAR file to /Users/codecadet/workspace/apache-tomcat-8.5.64/webapps/javabank2.war.tmp
29-Mar-2021 15:33:53.789 INFO [http-nio-8080-exec-1164] org.apache.catalina.core.ApplicationContext.log Manager: deploy: Deploying web application '/javabank2'
29-Mar-2021 15:33:53.789 INFO [http-nio-8080-exec-1164] org.apache.catalina.core.ApplicationContext.log Manager: Uploading WAR file to /Users/codecadet/workspace/apache-tomcat-8.5.64/webapps/javabank2.war.tmp
29-Mar-2021 15:35:16.925 INFO [http-nio-8080-exec-1172] org.apache.catalina.core.ApplicationContext.log Manager: deploy: Deploying web application '/javabank2'
29-Mar-2021 15:35:16.925 INFO [http-nio-8080-exec-1172] org.apache.catalina.core.ApplicationContext.log Manager: Uploading WAR file to /Users/codecadet/workspace/apache-tomcat-8.5.64/webapps/javabank2.war.tmp
29-Mar-2021 15:38:05.819 INFO [http-nio-8080-exec-1184] org.apache.catalina.core.ApplicationContext.log Manager: deploy: Deploying web application '/javabank2'
29-Mar-2021 15:38:05.819 INFO [http-nio-8080-exec-1184] org.apache.catalina.core.ApplicationContext.log Manager: Uploading WAR file to /Users/codecadet/workspace/apache-tomcat-8.5.64/webapps/javabank2.war.tmp
29-Mar-2021 15:41:15.990 INFO [http-nio-8080-exec-1194] org.apache.catalina.core.ApplicationContext.log Manager: deploy: Deploying web application '/javabank2'
29-Mar-2021 15:41:15.990 INFO [http-nio-8080-exec-1194] org.apache.catalina.core.ApplicationContext.log Manager: Uploading WAR file to /Users/codecadet/workspace/apache-tomcat-8.5.64/webapps/javabank2.war.tmp
29-Mar-2021 15:43:03.925 INFO [http-nio-8080-exec-1195] org.apache.catalina.core.ApplicationContext.log Manager: deploy: Deploying web application '/javabank2'
29-Mar-2021 15:43:03.925 INFO [http-nio-8080-exec-1195] org.apache.catalina.core.ApplicationContext.log Manager: Uploading WAR file to /Users/codecadet/workspace/apache-tomcat-8.5.64/webapps/javabank2.war.tmp
29-Mar-2021 15:43:57.760 INFO [http-nio-8080-exec-1179] org.apache.catalina.core.ApplicationContext.log Manager: deploy: Deploying web application '/javabank2'
29-Mar-2021 15:43:57.760 INFO [http-nio-8080-exec-1179] org.apache.catalina.core.ApplicationContext.log Manager: Uploading WAR file to /Users/codecadet/workspace/apache-tomcat-8.5.64/webapps/javabank2.war.tmp
29-Mar-2021 15:48:54.947 INFO [http-nio-8080-exec-1210] org.apache.catalina.core.ApplicationContext.log Manager: deploy: Deploying web application '/javabank2'
29-Mar-2021 15:48:54.947 INFO [http-nio-8080-exec-1210] org.apache.catalina.core.ApplicationContext.log Manager: Uploading WAR file to /Users/codecadet/workspace/apache-tomcat-8.5.64/webapps/javabank2.war.tmp
29-Mar-2021 15:54:58.669 INFO [http-nio-8080-exec-1222] org.apache.catalina.core.ApplicationContext.log Manager: deploy: Deploying web application '/javabank2'
29-Mar-2021 15:54:58.670 INFO [http-nio-8080-exec-1222] org.apache.catalina.core.ApplicationContext.log Manager: Uploading WAR file to /Users/codecadet/workspace/apache-tomcat-8.5.64/webapps/javabank2.war.tmp
29-Mar-2021 15:58:04.733 INFO [http-nio-8080-exec-1229] org.apache.catalina.core.ApplicationContext.log Manager: deploy: Deploying web application '/javabank2'
29-Mar-2021 15:58:04.733 INFO [http-nio-8080-exec-1229] org.apache.catalina.core.ApplicationContext.log Manager: Uploading WAR file to /Users/codecadet/workspace/apache-tomcat-8.5.64/webapps/javabank2.war.tmp
29-Mar-2021 16:08:49.745 INFO [http-nio-8080-exec-1240] org.apache.catalina.core.ApplicationContext.log Manager: deploy: Deploying web application '/javabank2'
29-Mar-2021 16:08:49.745 INFO [http-nio-8080-exec-1240] org.apache.catalina.core.ApplicationContext.log Manager: Uploading WAR file to /Users/codecadet/workspace/apache-tomcat-8.5.64/webapps/javabank2.war.tmp
29-Mar-2021 16:12:11.222 INFO [http-nio-8080-exec-1252] org.apache.catalina.core.ApplicationContext.log Manager: deploy: Deploying web application '/javabank2'
29-Mar-2021 16:12:11.223 INFO [http-nio-8080-exec-1252] org.apache.catalina.core.ApplicationContext.log Manager: Uploading WAR file to /Users/codecadet/workspace/apache-tomcat-8.5.64/webapps/javabank2.war.tmp
29-Mar-2021 16:15:50.514 INFO [http-nio-8080-exec-1260] org.apache.catalina.core.ApplicationContext.log Manager: deploy: Deploying web application '/javabank2'
29-Mar-2021 16:15:50.514 INFO [http-nio-8080-exec-1260] org.apache.catalina.core.ApplicationContext.log Manager: Uploading WAR file to /Users/codecadet/workspace/apache-tomcat-8.5.64/webapps/javabank2.war.tmp
29-Mar-2021 16:39:42.180 INFO [http-nio-8080-exec-1271] org.apache.catalina.core.ApplicationContext.log Manager: deploy: Deploying web application '/javabank2'
29-Mar-2021 16:39:42.180 INFO [http-nio-8080-exec-1271] org.apache.catalina.core.ApplicationContext.log Manager: Uploading WAR file to /Users/codecadet/workspace/apache-tomcat-8.5.64/webapps/javabank2.war.tmp
29-Mar-2021 16:44:13.931 INFO [http-nio-8080-exec-1279] org.apache.catalina.core.ApplicationContext.log Manager: deploy: Deploying web application '/javabank2'
29-Mar-2021 16:44:13.932 INFO [http-nio-8080-exec-1279] org.apache.catalina.core.ApplicationContext.log Manager: Uploading WAR file to /Users/codecadet/workspace/apache-tomcat-8.5.64/webapps/javabank2.war.tmp
29-Mar-2021 16:44:45.202 INFO [http-nio-8080-exec-1283] org.apache.catalina.core.ApplicationContext.log Manager: deploy: Deploying web application '/javabank2'
29-Mar-2021 16:44:45.202 INFO [http-nio-8080-exec-1283] org.apache.catalina.core.ApplicationContext.log Manager: Uploading WAR file to /Users/codecadet/workspace/apache-tomcat-8.5.64/webapps/javabank2.war.tmp
29-Mar-2021 17:07:09.897 INFO [http-nio-8080-exec-1289] org.apache.catalina.core.ApplicationContext.log Manager: deploy: Deploying web application '/javabank2'
29-Mar-2021 17:07:09.898 INFO [http-nio-8080-exec-1289] org.apache.catalina.core.ApplicationContext.log Manager: Uploading WAR file to /Users/codecadet/workspace/apache-tomcat-8.5.64/webapps/javabank2.war.tmp
29-Mar-2021 17:11:09.882 INFO [http-nio-8080-exec-1303] org.apache.catalina.core.ApplicationContext.log Manager: deploy: Deploying web application '/javabank2'
29-Mar-2021 17:11:09.882 INFO [http-nio-8080-exec-1303] org.apache.catalina.core.ApplicationContext.log Manager: Uploading WAR file to /Users/codecadet/workspace/apache-tomcat-8.5.64/webapps/javabank2.war.tmp
29-Mar-2021 17:13:17.713 INFO [http-nio-8080-exec-1311] org.apache.catalina.core.ApplicationContext.log Manager: deploy: Deploying web application '/javabank2'
29-Mar-2021 17:13:17.713 INFO [http-nio-8080-exec-1311] org.apache.catalina.core.ApplicationContext.log Manager: Uploading WAR file to /Users/codecadet/workspace/apache-tomcat-8.5.64/webapps/javabank2.war.tmp
29-Mar-2021 17:17:52.746 INFO [http-nio-8080-exec-1320] org.apache.catalina.core.ApplicationContext.log Manager: deploy: Deploying web application '/javabank2'
29-Mar-2021 17:17:52.746 INFO [http-nio-8080-exec-1320] org.apache.catalina.core.ApplicationContext.log Manager: Uploading WAR file to /Users/codecadet/workspace/apache-tomcat-8.5.64/webapps/javabank2.war.tmp
29-Mar-2021 17:21:17.848 INFO [http-nio-8080-exec-1333] org.apache.catalina.core.ApplicationContext.log Manager: deploy: Deploying web application '/javabank2'
29-Mar-2021 17:21:17.848 INFO [http-nio-8080-exec-1333] org.apache.catalina.core.ApplicationContext.log Manager: Uploading WAR file to /Users/codecadet/workspace/apache-tomcat-8.5.64/webapps/javabank2.war.tmp
29-Mar-2021 17:24:44.329 INFO [http-nio-8080-exec-1340] org.apache.catalina.core.ApplicationContext.log Manager: deploy: Deploying web application '/javabank2'
29-Mar-2021 17:24:44.329 INFO [http-nio-8080-exec-1340] org.apache.catalina.core.ApplicationContext.log Manager: Uploading WAR file to /Users/codecadet/workspace/apache-tomcat-8.5.64/webapps/javabank2.war.tmp
29-Mar-2021 17:29:25.141 INFO [http-nio-8080-exec-1350] org.apache.catalina.core.ApplicationContext.log Manager: deploy: Deploying web application '/javabank2'
29-Mar-2021 17:29:25.141 INFO [http-nio-8080-exec-1350] org.apache.catalina.core.ApplicationContext.log Manager: Uploading WAR file to /Users/codecadet/workspace/apache-tomcat-8.5.64/webapps/javabank2.war.tmp
29-Mar-2021 17:30:26.677 INFO [http-nio-8080-exec-1357] org.apache.catalina.core.ApplicationContext.log Manager: deploy: Deploying web application '/javabank2'
29-Mar-2021 17:30:26.677 INFO [http-nio-8080-exec-1357] org.apache.catalina.core.ApplicationContext.log Manager: Uploading WAR file to /Users/codecadet/workspace/apache-tomcat-8.5.64/webapps/javabank2.war.tmp
29-Mar-2021 17:34:56.755 INFO [http-nio-8080-exec-1360] org.apache.catalina.core.ApplicationContext.log Manager: deploy: Deploying web application '/javabank2'
29-Mar-2021 17:34:56.755 INFO [http-nio-8080-exec-1360] org.apache.catalina.core.ApplicationContext.log Manager: Uploading WAR file to /Users/codecadet/workspace/apache-tomcat-8.5.64/webapps/javabank2.war.tmp
29-Mar-2021 17:41:23.707 INFO [http-nio-8080-exec-1370] org.apache.catalina.core.ApplicationContext.log Manager: deploy: Deploying web application '/javabank2'
29-Mar-2021 17:41:23.707 INFO [http-nio-8080-exec-1370] org.apache.catalina.core.ApplicationContext.log Manager: Uploading WAR file to /Users/codecadet/workspace/apache-tomcat-8.5.64/webapps/javabank2.war.tmp
29-Mar-2021 17:42:43.746 INFO [http-nio-8080-exec-1379] org.apache.catalina.core.ApplicationContext.log Manager: deploy: Deploying web application '/javabank2'
29-Mar-2021 17:42:43.746 INFO [http-nio-8080-exec-1379] org.apache.catalina.core.ApplicationContext.log Manager: Uploading WAR file to /Users/codecadet/workspace/apache-tomcat-8.5.64/webapps/javabank2.war.tmp
29-Mar-2021 17:43:52.439 INFO [http-nio-8080-exec-1388] org.apache.catalina.core.ApplicationContext.log Manager: deploy: Deploying web application '/javabank2'
29-Mar-2021 17:43:52.439 INFO [http-nio-8080-exec-1388] org.apache.catalina.core.ApplicationContext.log Manager: Uploading WAR file to /Users/codecadet/workspace/apache-tomcat-8.5.64/webapps/javabank2.war.tmp
29-Mar-2021 17:45:16.776 INFO [http-nio-8080-exec-1395] org.apache.catalina.core.ApplicationContext.log Manager: deploy: Deploying web application '/javabank2'
29-Mar-2021 17:45:16.776 INFO [http-nio-8080-exec-1395] org.apache.catalina.core.ApplicationContext.log Manager: Uploading WAR file to /Users/codecadet/workspace/apache-tomcat-8.5.64/webapps/javabank2.war.tmp
29-Mar-2021 17:48:21.534 INFO [http-nio-8080-exec-1408] org.apache.catalina.core.ApplicationContext.log Manager: deploy: Deploying web application '/javabank2'
29-Mar-2021 17:48:21.534 INFO [http-nio-8080-exec-1408] org.apache.catalina.core.ApplicationContext.log Manager: Uploading WAR file to /Users/codecadet/workspace/apache-tomcat-8.5.64/webapps/javabank2.war.tmp
29-Mar-2021 17:51:18.184 INFO [http-nio-8080-exec-1417] org.apache.catalina.core.ApplicationContext.log Manager: deploy: Deploying web application '/javabank2'
29-Mar-2021 17:51:18.185 INFO [http-nio-8080-exec-1417] org.apache.catalina.core.ApplicationContext.log Manager: Uploading WAR file to /Users/codecadet/workspace/apache-tomcat-8.5.64/webapps/javabank2.war.tmp
29-Mar-2021 18:10:30.581 INFO [http-nio-8080-exec-1423] org.apache.catalina.core.ApplicationContext.log Manager: deploy: Deploying web application '/javabank2'
29-Mar-2021 18:10:30.581 INFO [http-nio-8080-exec-1423] org.apache.catalina.core.ApplicationContext.log Manager: Uploading WAR file to /Users/codecadet/workspace/apache-tomcat-8.5.64/webapps/javabank2.war.tmp
29-Mar-2021 18:14:17.008 INFO [http-nio-8080-exec-1435] org.apache.catalina.core.ApplicationContext.log Manager: deploy: Deploying web application '/javabank2'
29-Mar-2021 18:14:17.009 INFO [http-nio-8080-exec-1435] org.apache.catalina.core.ApplicationContext.log Manager: Uploading WAR file to /Users/codecadet/workspace/apache-tomcat-8.5.64/webapps/javabank2.war.tmp
29-Mar-2021 18:16:08.108 INFO [http-nio-8080-exec-1443] org.apache.catalina.core.ApplicationContext.log Manager: deploy: Deploying web application '/javabank2'
29-Mar-2021 18:16:08.108 INFO [http-nio-8080-exec-1443] org.apache.catalina.core.ApplicationContext.log Manager: Uploading WAR file to /Users/codecadet/workspace/apache-tomcat-8.5.64/webapps/javabank2.war.tmp
